Using pre-set license
Built from '2020.3/release' branch; Version is '2020.3.1f1 (77a89f25062f) revision 7841951'; Using compiler version '192528614'; Build Type 'Release'
OS: 'Windows 10 Pro Education; OS build 19042.1237; Version 2009; 64bit' Language: 'es' Physical Memory: 16296 MB
BatchMode: 1, IsHumanControllingUs: 0, StartBugReporterOnCrash: 0, Is64bit: 1, IsPro: 0

 COMMAND LINE ARGUMENTS:
C:\Program Files\Unity\Hub\Editor\2020.3.1f1\Editor\Unity.exe
-adb2
-batchMode
-noUpm
-name
AssetImportWorker0
-projectPath
D:/Unity/Repositorio/PR01-DEIM/UnityGuillermo
-logFile
Logs/AssetImportWorker0.log
-srvPort
54679
Successfully changed project path to: D:/Unity/Repositorio/PR01-DEIM/UnityGuillermo
D:/Unity/Repositorio/PR01-DEIM/UnityGuillermo
Using Asset Import Pipeline V2.
Refreshing native plugins compatible for Editor in 19.74 ms, found 0 plugins.
Preloading 0 native plugins for Editor in 0.00 ms.
Initialize engine version: 2020.3.1f1 (77a89f25062f)
[Subsystems] Discovering subsystems at path C:/Program Files/Unity/Hub/Editor/2020.3.1f1/Editor/Data/Resources/UnitySubsystems
[Subsystems] Discovering subsystems at path D:/Unity/Repositorio/PR01-DEIM/UnityGuillermo/Assets
GfxDevice: creating device client; threaded=0
Direct3D:
    Version:  Direct3D 11.0 [level 11.1]
    Renderer: NVIDIA GeForce GTX 1660 SUPER (ID=0x21c4)
    Vendor:   
    VRAM:     5991 MB
    Driver:   27.21.14.5730
Initialize mono
Mono path[0] = 'C:/Program Files/Unity/Hub/Editor/2020.3.1f1/Editor/Data/Managed'
Mono path[1] = 'C:/Program Files/Unity/Hub/Editor/2020.3.1f1/Editor/Data/MonoBleedingEdge/lib/mono/unityjit'
Mono config path = 'C:/Program Files/Unity/Hub/Editor/2020.3.1f1/Editor/Data/MonoBleedingEdge/etc'
Using monoOptions --debugger-agent=transport=dt_socket,embedding=1,server=y,suspend=n,address=127.0.0.1:56988
Begin MonoManager ReloadAssembly
Registering precompiled unity dll's ...
Register platform support module: C:/Program Files/Unity/Hub/Editor/2020.3.1f1/Editor/Data/PlaybackEngines/WindowsStandaloneSupport/UnityEditor.WindowsStandalone.Extensions.dll
Registered in 0.001455 seconds.
Native extension for WindowsStandalone target not found
Refreshing native plugins compatible for Editor in 20.38 ms, found 0 plugins.
Preloading 0 native plugins for Editor in 0.00 ms.
Invoked RoslynAnalysisRunner static constructor.
RoslynAnalysisRunner will not be running.
RoslynAnalysisRunner has terminated.
Mono: successfully reloaded assembly
- Completed reload, in  1.610 seconds
Platform modules already initialized, skipping
Registering precompiled user dll's ...
Registered in 0.000484 seconds.
Begin MonoManager ReloadAssembly
Native extension for WindowsStandalone target not found
Refreshing native plugins compatible for Editor in 0.18 ms, found 0 plugins.
Preloading 0 native plugins for Editor in 0.00 ms.
Invoked RoslynAnalysisRunner static constructor.
RoslynAnalysisRunner will not be running.
RoslynAnalysisRunner has terminated.
Mono: successfully reloaded assembly
- Completed reload, in  0.712 seconds
Platform modules already initialized, skipping
========================================================================
Worker process is ready to serve import requests
Launched and connected shader compiler UnityShaderCompiler.exe after 0.03 seconds
Refreshing native plugins compatible for Editor in 0.18 ms, found 0 plugins.
Preloading 0 native plugins for Editor in 0.00 ms.
Unloading 1126 Unused Serialized files (Serialized files now loaded: 0)
System memory in use before: 57.2 MB.
System memory in use after: 57.3 MB.

Unloading 10 unused Assets to reduce memory usage. Loaded Objects now: 1568.
Total: 1.569700 ms (FindLiveObjects: 0.192000 ms CreateObjectMapping: 0.052000 ms MarkObjects: 1.260800 ms  DeleteObjects: 0.063900 ms)

========================================================================
Received Import Request.
  path: Assets/Scenes/Scripts/Ejercicio 4/E4a.cs
  artifactKey: Guid(5c607a642dde56b499b552422b6fefa6) Importer(815301076,1909f56bfc062723c751e8b465ee728b)
Start importing Assets/Scenes/Scripts/Ejercicio 4/E4a.cs using Guid(5c607a642dde56b499b552422b6fefa6) Importer(815301076,1909f56bfc062723c751e8b465ee728b)  -> (artifact id: '7895825abe68ebcac94720f15a8bd93b') in 0.047730 seconds
  Import took 0.049389 seconds .

========================================================================
Received Prepare
Refreshing native plugins compatible for Editor in 0.75 ms, found 0 plugins.
Preloading 0 native plugins for Editor in 0.00 ms.
Unloading 3 Unused Serialized files (Serialized files now loaded: 0)
System memory in use before: 34.8 MB.
System memory in use after: 34.9 MB.

Unloading 3 unused Assets to reduce memory usage. Loaded Objects now: 1568.
Total: 1.757000 ms (FindLiveObjects: 0.217000 ms CreateObjectMapping: 0.065700 ms MarkObjects: 1.414400 ms  DeleteObjects: 0.058500 ms)

========================================================================
Received Prepare
Registering precompiled user dll's ...
Registered in 0.000533 seconds.
Begin MonoManager ReloadAssembly
Native extension for WindowsStandalone target not found
Refreshing native plugins compatible for Editor in 0.19 ms, found 0 plugins.
Preloading 0 native plugins for Editor in 0.00 ms.
Invoked RoslynAnalysisRunner static constructor.
RoslynAnalysisRunner will not be running.
RoslynAnalysisRunner has terminated.
Mono: successfully reloaded assembly
- Completed reload, in  0.701 seconds
Platform modules already initialized, skipping
Refreshing native plugins compatible for Editor in 0.24 ms, found 0 plugins.
Preloading 0 native plugins for Editor in 0.00 ms.
Unloading 1121 Unused Serialized files (Serialized files now loaded: 0)
System memory in use before: 57.2 MB.
System memory in use after: 57.3 MB.

Unloading 5 unused Assets to reduce memory usage. Loaded Objects now: 1571.
Total: 1.339000 ms (FindLiveObjects: 0.137600 ms CreateObjectMapping: 0.031500 ms MarkObjects: 1.128100 ms  DeleteObjects: 0.040800 ms)

========================================================================
Received Prepare
Registering precompiled user dll's ...
Registered in 0.000443 seconds.
Begin MonoManager ReloadAssembly
Native extension for WindowsStandalone target not found
Refreshing native plugins compatible for Editor in 0.18 ms, found 0 plugins.
Preloading 0 native plugins for Editor in 0.00 ms.
Invoked RoslynAnalysisRunner static constructor.
RoslynAnalysisRunner will not be running.
RoslynAnalysisRunner has terminated.
Mono: successfully reloaded assembly
- Completed reload, in  0.643 seconds
Platform modules already initialized, skipping
Refreshing native plugins compatible for Editor in 0.19 ms, found 0 plugins.
Preloading 0 native plugins for Editor in 0.00 ms.
Unloading 1121 Unused Serialized files (Serialized files now loaded: 0)
System memory in use before: 57.2 MB.
System memory in use after: 57.3 MB.

Unloading 5 unused Assets to reduce memory usage. Loaded Objects now: 1574.
Total: 1.391400 ms (FindLiveObjects: 0.120800 ms CreateObjectMapping: 0.030200 ms MarkObjects: 1.204900 ms  DeleteObjects: 0.034500 ms)

========================================================================
Received Prepare
Registering precompiled user dll's ...
Registered in 0.000418 seconds.
Begin MonoManager ReloadAssembly
Native extension for WindowsStandalone target not found
Refreshing native plugins compatible for Editor in 0.19 ms, found 0 plugins.
Preloading 0 native plugins for Editor in 0.00 ms.
Invoked RoslynAnalysisRunner static constructor.
RoslynAnalysisRunner will not be running.
RoslynAnalysisRunner has terminated.
Mono: successfully reloaded assembly
- Completed reload, in  0.637 seconds
Platform modules already initialized, skipping
Refreshing native plugins compatible for Editor in 0.18 ms, found 0 plugins.
Preloading 0 native plugins for Editor in 0.00 ms.
Unloading 1121 Unused Serialized files (Serialized files now loaded: 0)
System memory in use before: 57.2 MB.
System memory in use after: 57.3 MB.

Unloading 5 unused Assets to reduce memory usage. Loaded Objects now: 1577.
Total: 1.496500 ms (FindLiveObjects: 0.179300 ms CreateObjectMapping: 0.036100 ms MarkObjects: 1.242300 ms  DeleteObjects: 0.038200 ms)

========================================================================
Received Import Request.
  Time since last request: 364.189970 seconds.
  path: Assets/Scenes/Scripts/Ejercicio 4/E4aParte2.cs
  artifactKey: Guid(6bdc68b6578b8674396f86f6ff728c28) Importer(815301076,1909f56bfc062723c751e8b465ee728b)
Start importing Assets/Scenes/Scripts/Ejercicio 4/E4aParte2.cs using Guid(6bdc68b6578b8674396f86f6ff728c28) Importer(815301076,1909f56bfc062723c751e8b465ee728b)  -> (artifact id: 'e93700b0b48565166d0e7fd60def2ab9') in 0.009419 seconds
  Import took 0.011276 seconds .

========================================================================
Received Prepare
Registering precompiled user dll's ...
Registered in 0.000486 seconds.
Begin MonoManager ReloadAssembly
Native extension for WindowsStandalone target not found
Refreshing native plugins compatible for Editor in 0.19 ms, found 0 plugins.
Preloading 0 native plugins for Editor in 0.00 ms.
Invoked RoslynAnalysisRunner static constructor.
RoslynAnalysisRunner will not be running.
RoslynAnalysisRunner has terminated.
Mono: successfully reloaded assembly
- Completed reload, in  0.650 seconds
Platform modules already initialized, skipping
Refreshing native plugins compatible for Editor in 0.20 ms, found 0 plugins.
Preloading 0 native plugins for Editor in 0.00 ms.
Unloading 1122 Unused Serialized files (Serialized files now loaded: 0)
System memory in use before: 57.2 MB.
System memory in use after: 57.3 MB.

Unloading 5 unused Assets to reduce memory usage. Loaded Objects now: 1581.
Total: 1.586300 ms (FindLiveObjects: 0.134100 ms CreateObjectMapping: 0.034300 ms MarkObjects: 1.372600 ms  DeleteObjects: 0.044300 ms)

========================================================================
Received Prepare
Registering precompiled user dll's ...
Registered in 0.000541 seconds.
Begin MonoManager ReloadAssembly
Native extension for WindowsStandalone target not found
Refreshing native plugins compatible for Editor in 0.19 ms, found 0 plugins.
Preloading 0 native plugins for Editor in 0.00 ms.
Invoked RoslynAnalysisRunner static constructor.
RoslynAnalysisRunner will not be running.
RoslynAnalysisRunner has terminated.
Mono: successfully reloaded assembly
- Completed reload, in  0.642 seconds
Platform modules already initialized, skipping
Refreshing native plugins compatible for Editor in 0.17 ms, found 0 plugins.
Preloading 0 native plugins for Editor in 0.00 ms.
Unloading 1122 Unused Serialized files (Serialized files now loaded: 0)
System memory in use before: 57.2 MB.
System memory in use after: 57.3 MB.

Unloading 5 unused Assets to reduce memory usage. Loaded Objects now: 1584.
Total: 1.379200 ms (FindLiveObjects: 0.121300 ms CreateObjectMapping: 0.030800 ms MarkObjects: 1.188900 ms  DeleteObjects: 0.037400 ms)

========================================================================
Received Import Request.
  Time since last request: 338.500982 seconds.
  path: Assets/Scenes/Scripts/Ejercicio 4/E4aParte2.cs
  artifactKey: Guid(6bdc68b6578b8674396f86f6ff728c28) Importer(815301076,1909f56bfc062723c751e8b465ee728b)
Start importing Assets/Scenes/Scripts/Ejercicio 4/E4aParte2.cs using Guid(6bdc68b6578b8674396f86f6ff728c28) Importer(815301076,1909f56bfc062723c751e8b465ee728b)  -> (artifact id: 'f01e598c33f7d96e77c8b83c4e5f7317') in 0.005076 seconds
  Import took 0.024797 seconds .

========================================================================
Received Prepare
Registering precompiled user dll's ...
Registered in 0.000425 seconds.
Begin MonoManager ReloadAssembly
Native extension for WindowsStandalone target not found
Refreshing native plugins compatible for Editor in 0.19 ms, found 0 plugins.
Preloading 0 native plugins for Editor in 0.00 ms.
Invoked RoslynAnalysisRunner static constructor.
RoslynAnalysisRunner will not be running.
RoslynAnalysisRunner has terminated.
Mono: successfully reloaded assembly
- Completed reload, in  0.649 seconds
Platform modules already initialized, skipping
Refreshing native plugins compatible for Editor in 0.18 ms, found 0 plugins.
Preloading 0 native plugins for Editor in 0.00 ms.
Unloading 1122 Unused Serialized files (Serialized files now loaded: 0)
System memory in use before: 57.3 MB.
System memory in use after: 57.3 MB.

Unloading 5 unused Assets to reduce memory usage. Loaded Objects now: 1587.
Total: 1.546900 ms (FindLiveObjects: 0.123600 ms CreateObjectMapping: 0.030500 ms MarkObjects: 1.318200 ms  DeleteObjects: 0.073900 ms)

========================================================================
Received Import Request.
  Time since last request: 51.528237 seconds.
  path: Assets/Scenes/Scripts/Ejercicio 4/E4aParte2.cs
  artifactKey: Guid(6bdc68b6578b8674396f86f6ff728c28) Importer(815301076,1909f56bfc062723c751e8b465ee728b)
Start importing Assets/Scenes/Scripts/Ejercicio 4/E4aParte2.cs using Guid(6bdc68b6578b8674396f86f6ff728c28) Importer(815301076,1909f56bfc062723c751e8b465ee728b)  -> (artifact id: 'e86a77c6a0ea3000b9f0a53907f98cc9') in 0.005365 seconds
  Import took 0.006943 seconds .

========================================================================
Received Import Request.
  Time since last request: 1.035227 seconds.
  path: Assets/Scenes/Scripts/Ejercicio 4/E4aParte2.cs
  artifactKey: Guid(6bdc68b6578b8674396f86f6ff728c28) Importer(815301076,1909f56bfc062723c751e8b465ee728b)
Start importing Assets/Scenes/Scripts/Ejercicio 4/E4aParte2.cs using Guid(6bdc68b6578b8674396f86f6ff728c28) Importer(815301076,1909f56bfc062723c751e8b465ee728b)  -> (artifact id: 'e86a77c6a0ea3000b9f0a53907f98cc9') in 0.003837 seconds
  Import took 0.005467 seconds .

========================================================================
Received Prepare
Registering precompiled user dll's ...
Registered in 0.000422 seconds.
Begin MonoManager ReloadAssembly
Native extension for WindowsStandalone target not found
Refreshing native plugins compatible for Editor in 0.19 ms, found 0 plugins.
Preloading 0 native plugins for Editor in 0.00 ms.
Invoked RoslynAnalysisRunner static constructor.
RoslynAnalysisRunner will not be running.
RoslynAnalysisRunner has terminated.
Mono: successfully reloaded assembly
- Completed reload, in  0.643 seconds
Platform modules already initialized, skipping
Refreshing native plugins compatible for Editor in 0.19 ms, found 0 plugins.
Preloading 0 native plugins for Editor in 0.00 ms.
Unloading 1122 Unused Serialized files (Serialized files now loaded: 0)
System memory in use before: 57.3 MB.
System memory in use after: 57.3 MB.

Unloading 5 unused Assets to reduce memory usage. Loaded Objects now: 1590.
Total: 1.472100 ms (FindLiveObjects: 0.155900 ms CreateObjectMapping: 0.043600 ms MarkObjects: 1.194900 ms  DeleteObjects: 0.076900 ms)

========================================================================
Received Import Request.
  Time since last request: 87.842828 seconds.
  path: Assets/Scenes/Scripts/Ejercicio 4/E4aParte2.cs
  artifactKey: Guid(6bdc68b6578b8674396f86f6ff728c28) Importer(815301076,1909f56bfc062723c751e8b465ee728b)
Start importing Assets/Scenes/Scripts/Ejercicio 4/E4aParte2.cs using Guid(6bdc68b6578b8674396f86f6ff728c28) Importer(815301076,1909f56bfc062723c751e8b465ee728b)  -> (artifact id: '8e9fa5ed502fc4724c49098a853e2f50') in 0.006496 seconds
  Import took 0.008055 seconds .

========================================================================
Received Import Request.
  Time since last request: 1.044592 seconds.
  path: Assets/Scenes/Scripts/Ejercicio 4/E4aParte2.cs
  artifactKey: Guid(6bdc68b6578b8674396f86f6ff728c28) Importer(815301076,1909f56bfc062723c751e8b465ee728b)
Start importing Assets/Scenes/Scripts/Ejercicio 4/E4aParte2.cs using Guid(6bdc68b6578b8674396f86f6ff728c28) Importer(815301076,1909f56bfc062723c751e8b465ee728b)  -> (artifact id: '8e9fa5ed502fc4724c49098a853e2f50') in 0.005678 seconds
  Import took 0.007321 seconds .

========================================================================
Received Prepare
Registering precompiled user dll's ...
Registered in 0.000569 seconds.
Begin MonoManager ReloadAssembly
Native extension for WindowsStandalone target not found
Refreshing native plugins compatible for Editor in 0.18 ms, found 0 plugins.
Preloading 0 native plugins for Editor in 0.00 ms.
Invoked RoslynAnalysisRunner static constructor.
RoslynAnalysisRunner will not be running.
RoslynAnalysisRunner has terminated.
Mono: successfully reloaded assembly
- Completed reload, in  0.628 seconds
Platform modules already initialized, skipping
Refreshing native plugins compatible for Editor in 0.20 ms, found 0 plugins.
Preloading 0 native plugins for Editor in 0.00 ms.
Unloading 1122 Unused Serialized files (Serialized files now loaded: 0)
System memory in use before: 57.3 MB.
System memory in use after: 57.4 MB.

Unloading 5 unused Assets to reduce memory usage. Loaded Objects now: 1593.
Total: 1.448000 ms (FindLiveObjects: 0.177400 ms CreateObjectMapping: 0.050800 ms MarkObjects: 1.178700 ms  DeleteObjects: 0.040300 ms)

========================================================================
Received Prepare
Registering precompiled user dll's ...
Registered in 0.000501 seconds.
Begin MonoManager ReloadAssembly
Native extension for WindowsStandalone target not found
Refreshing native plugins compatible for Editor in 0.19 ms, found 0 plugins.
Preloading 0 native plugins for Editor in 0.00 ms.
Invoked RoslynAnalysisRunner static constructor.
RoslynAnalysisRunner will not be running.
RoslynAnalysisRunner has terminated.
Mono: successfully reloaded assembly
- Completed reload, in  0.640 seconds
Platform modules already initialized, skipping
Refreshing native plugins compatible for Editor in 0.18 ms, found 0 plugins.
Preloading 0 native plugins for Editor in 0.00 ms.
Unloading 1122 Unused Serialized files (Serialized files now loaded: 0)
System memory in use before: 57.3 MB.
System memory in use after: 57.4 MB.

Unloading 5 unused Assets to reduce memory usage. Loaded Objects now: 1596.
Total: 1.368700 ms (FindLiveObjects: 0.114700 ms CreateObjectMapping: 0.026400 ms MarkObjects: 1.193000 ms  DeleteObjects: 0.033900 ms)

========================================================================
Received Prepare
Registering precompiled user dll's ...
Registered in 0.000476 seconds.
Begin MonoManager ReloadAssembly
Native extension for WindowsStandalone target not found
Refreshing native plugins compatible for Editor in 0.20 ms, found 0 plugins.
Preloading 0 native plugins for Editor in 0.00 ms.
Invoked RoslynAnalysisRunner static constructor.
RoslynAnalysisRunner will not be running.
RoslynAnalysisRunner has terminated.
Mono: successfully reloaded assembly
- Completed reload, in  0.659 seconds
Platform modules already initialized, skipping
Refreshing native plugins compatible for Editor in 0.18 ms, found 0 plugins.
Preloading 0 native plugins for Editor in 0.00 ms.
Unloading 1122 Unused Serialized files (Serialized files now loaded: 0)
System memory in use before: 57.3 MB.
System memory in use after: 57.4 MB.

Unloading 5 unused Assets to reduce memory usage. Loaded Objects now: 1599.
Total: 1.333100 ms (FindLiveObjects: 0.118900 ms CreateObjectMapping: 0.030900 ms MarkObjects: 1.146300 ms  DeleteObjects: 0.036200 ms)

========================================================================
Received Import Request.
  Time since last request: 195.686099 seconds.
  path: Assets/Scenes/Scripts/Ejercicio 4/E4aParte2.cs
  artifactKey: Guid(6bdc68b6578b8674396f86f6ff728c28) Importer(815301076,1909f56bfc062723c751e8b465ee728b)
Start importing Assets/Scenes/Scripts/Ejercicio 4/E4aParte2.cs using Guid(6bdc68b6578b8674396f86f6ff728c28) Importer(815301076,1909f56bfc062723c751e8b465ee728b)  -> (artifact id: 'bc097826101ea8be9e86a04d96ae0a7b') in 0.006362 seconds
  Import took 0.007902 seconds .

========================================================================
Received Import Request.
  Time since last request: 1.319668 seconds.
  path: Assets/Scenes/Scripts/Ejercicio 4/E4aParte2.cs
  artifactKey: Guid(6bdc68b6578b8674396f86f6ff728c28) Importer(815301076,1909f56bfc062723c751e8b465ee728b)
Start importing Assets/Scenes/Scripts/Ejercicio 4/E4aParte2.cs using Guid(6bdc68b6578b8674396f86f6ff728c28) Importer(815301076,1909f56bfc062723c751e8b465ee728b)  -> (artifact id: 'bc097826101ea8be9e86a04d96ae0a7b') in 0.005792 seconds
  Import took 0.007471 seconds .

========================================================================
Received Prepare
Registering precompiled user dll's ...
Registered in 0.000551 seconds.
Begin MonoManager ReloadAssembly
Native extension for WindowsStandalone target not found
Refreshing native plugins compatible for Editor in 0.19 ms, found 0 plugins.
Preloading 0 native plugins for Editor in 0.00 ms.
Invoked RoslynAnalysisRunner static constructor.
RoslynAnalysisRunner will not be running.
RoslynAnalysisRunner has terminated.
Mono: successfully reloaded assembly
- Completed reload, in  0.624 seconds
Platform modules already initialized, skipping
Refreshing native plugins compatible for Editor in 0.18 ms, found 0 plugins.
Preloading 0 native plugins for Editor in 0.00 ms.
Unloading 1122 Unused Serialized files (Serialized files now loaded: 0)
System memory in use before: 57.3 MB.
System memory in use after: 57.4 MB.

Unloading 5 unused Assets to reduce memory usage. Loaded Objects now: 1602.
Total: 1.957600 ms (FindLiveObjects: 0.117800 ms CreateObjectMapping: 0.029400 ms MarkObjects: 1.770400 ms  DeleteObjects: 0.039300 ms)

========================================================================
Received Prepare
Registering precompiled user dll's ...
Registered in 0.000490 seconds.
Begin MonoManager ReloadAssembly
Native extension for WindowsStandalone target not found
Refreshing native plugins compatible for Editor in 0.19 ms, found 0 plugins.
Preloading 0 native plugins for Editor in 0.00 ms.
Invoked RoslynAnalysisRunner static constructor.
RoslynAnalysisRunner will not be running.
RoslynAnalysisRunner has terminated.
Mono: successfully reloaded assembly
- Completed reload, in  0.645 seconds
Platform modules already initialized, skipping
Refreshing native plugins compatible for Editor in 0.18 ms, found 0 plugins.
Preloading 0 native plugins for Editor in 0.00 ms.
Unloading 1122 Unused Serialized files (Serialized files now loaded: 0)
System memory in use before: 57.3 MB.
System memory in use after: 57.4 MB.

Unloading 5 unused Assets to reduce memory usage. Loaded Objects now: 1605.
Total: 1.447900 ms (FindLiveObjects: 0.162300 ms CreateObjectMapping: 0.044500 ms MarkObjects: 1.165600 ms  DeleteObjects: 0.074300 ms)

========================================================================
Received Prepare
Registering precompiled user dll's ...
Registered in 0.000531 seconds.
Begin MonoManager ReloadAssembly
Native extension for WindowsStandalone target not found
Refreshing native plugins compatible for Editor in 0.19 ms, found 0 plugins.
Preloading 0 native plugins for Editor in 0.00 ms.
Invoked RoslynAnalysisRunner static constructor.
RoslynAnalysisRunner will not be running.
RoslynAnalysisRunner has terminated.
Mono: successfully reloaded assembly
- Completed reload, in  0.643 seconds
Platform modules already initialized, skipping
Refreshing native plugins compatible for Editor in 0.17 ms, found 0 plugins.
Preloading 0 native plugins for Editor in 0.00 ms.
Unloading 1122 Unused Serialized files (Serialized files now loaded: 0)
System memory in use before: 57.3 MB.
System memory in use after: 57.4 MB.

Unloading 5 unused Assets to reduce memory usage. Loaded Objects now: 1608.
Total: 1.448200 ms (FindLiveObjects: 0.126900 ms CreateObjectMapping: 0.028000 ms MarkObjects: 1.218400 ms  DeleteObjects: 0.074100 ms)

========================================================================
Received Import Request.
  Time since last request: 824.598796 seconds.
  path: Assets/Scenes/Scripts/Ejercicio 4/E4b.cs
  artifactKey: Guid(513c406cb84da7e4b94982441ad4d612) Importer(815301076,1909f56bfc062723c751e8b465ee728b)
Start importing Assets/Scenes/Scripts/Ejercicio 4/E4b.cs using Guid(513c406cb84da7e4b94982441ad4d612) Importer(815301076,1909f56bfc062723c751e8b465ee728b)  -> (artifact id: '25c3994e41863e89f3852aadc31a36b6') in 0.008011 seconds
  Import took 0.009741 seconds .

========================================================================
Received Prepare
Registering precompiled user dll's ...
Registered in 0.000439 seconds.
Begin MonoManager ReloadAssembly
Native extension for WindowsStandalone target not found
Refreshing native plugins compatible for Editor in 0.18 ms, found 0 plugins.
Preloading 0 native plugins for Editor in 0.00 ms.
Invoked RoslynAnalysisRunner static constructor.
RoslynAnalysisRunner will not be running.
RoslynAnalysisRunner has terminated.
Mono: successfully reloaded assembly
- Completed reload, in  0.656 seconds
Platform modules already initialized, skipping
Refreshing native plugins compatible for Editor in 0.18 ms, found 0 plugins.
Preloading 0 native plugins for Editor in 0.00 ms.
Unloading 1123 Unused Serialized files (Serialized files now loaded: 0)
System memory in use before: 57.3 MB.
System memory in use after: 57.4 MB.

Unloading 5 unused Assets to reduce memory usage. Loaded Objects now: 1612.
Total: 1.488800 ms (FindLiveObjects: 0.122900 ms CreateObjectMapping: 0.030300 ms MarkObjects: 1.297000 ms  DeleteObjects: 0.037700 ms)

========================================================================
Received Prepare
Registering precompiled user dll's ...
Registered in 0.000483 seconds.
Begin MonoManager ReloadAssembly
Native extension for WindowsStandalone target not found
Refreshing native plugins compatible for Editor in 0.19 ms, found 0 plugins.
Preloading 0 native plugins for Editor in 0.00 ms.
Invoked RoslynAnalysisRunner static constructor.
RoslynAnalysisRunner will not be running.
RoslynAnalysisRunner has terminated.
Mono: successfully reloaded assembly
- Completed reload, in  0.639 seconds
Platform modules already initialized, skipping
Refreshing native plugins compatible for Editor in 0.18 ms, found 0 plugins.
Preloading 0 native plugins for Editor in 0.00 ms.
Unloading 1123 Unused Serialized files (Serialized files now loaded: 0)
System memory in use before: 57.3 MB.
System memory in use after: 57.4 MB.

Unloading 5 unused Assets to reduce memory usage. Loaded Objects now: 1615.
Total: 1.456500 ms (FindLiveObjects: 0.239600 ms CreateObjectMapping: 0.027300 ms MarkObjects: 1.151500 ms  DeleteObjects: 0.037400 ms)

========================================================================
Received Import Request.
  Time since last request: 1074.687034 seconds.
  path: Assets/Scenes/Scripts/Ejercicio 4/E4b.cs
  artifactKey: Guid(513c406cb84da7e4b94982441ad4d612) Importer(815301076,1909f56bfc062723c751e8b465ee728b)
Start importing Assets/Scenes/Scripts/Ejercicio 4/E4b.cs using Guid(513c406cb84da7e4b94982441ad4d612) Importer(815301076,1909f56bfc062723c751e8b465ee728b)  -> (artifact id: '2ffda6d02e0ee4f96e7c5eeba2318d49') in 0.005680 seconds
  Import took 0.007191 seconds .

========================================================================
Received Prepare
Registering precompiled user dll's ...
Registered in 0.000487 seconds.
Begin MonoManager ReloadAssembly
Native extension for WindowsStandalone target not found
Refreshing native plugins compatible for Editor in 0.19 ms, found 0 plugins.
Preloading 0 native plugins for Editor in 0.00 ms.
Invoked RoslynAnalysisRunner static constructor.
RoslynAnalysisRunner will not be running.
RoslynAnalysisRunner has terminated.
Mono: successfully reloaded assembly
- Completed reload, in  0.648 seconds
Platform modules already initialized, skipping
Refreshing native plugins compatible for Editor in 0.19 ms, found 0 plugins.
Preloading 0 native plugins for Editor in 0.00 ms.
Unloading 1123 Unused Serialized files (Serialized files now loaded: 0)
System memory in use before: 57.3 MB.
System memory in use after: 57.4 MB.

Unloading 5 unused Assets to reduce memory usage. Loaded Objects now: 1618.
Total: 1.499800 ms (FindLiveObjects: 0.130100 ms CreateObjectMapping: 0.032400 ms MarkObjects: 1.295100 ms  DeleteObjects: 0.041300 ms)

========================================================================
Received Prepare
Registering precompiled user dll's ...
Registered in 0.000502 seconds.
Begin MonoManager ReloadAssembly
Native extension for WindowsStandalone target not found
Refreshing native plugins compatible for Editor in 0.19 ms, found 0 plugins.
Preloading 0 native plugins for Editor in 0.00 ms.
Invoked RoslynAnalysisRunner static constructor.
RoslynAnalysisRunner will not be running.
RoslynAnalysisRunner has terminated.
Mono: successfully reloaded assembly
- Completed reload, in  0.648 seconds
Platform modules already initialized, skipping
Refreshing native plugins compatible for Editor in 0.20 ms, found 0 plugins.
Preloading 0 native plugins for Editor in 0.00 ms.
Unloading 1123 Unused Serialized files (Serialized files now loaded: 0)
System memory in use before: 57.3 MB.
System memory in use after: 57.4 MB.

Unloading 5 unused Assets to reduce memory usage. Loaded Objects now: 1621.
Total: 1.461300 ms (FindLiveObjects: 0.166000 ms CreateObjectMapping: 0.034300 ms MarkObjects: 1.223900 ms  DeleteObjects: 0.036200 ms)

========================================================================
Received Prepare
Registering precompiled user dll's ...
Registered in 0.000581 seconds.
Begin MonoManager ReloadAssembly
Native extension for WindowsStandalone target not found
Refreshing native plugins compatible for Editor in 0.19 ms, found 0 plugins.
Preloading 0 native plugins for Editor in 0.00 ms.
Invoked RoslynAnalysisRunner static constructor.
RoslynAnalysisRunner will not be running.
RoslynAnalysisRunner has terminated.
Mono: successfully reloaded assembly
- Completed reload, in  0.638 seconds
Platform modules already initialized, skipping
Refreshing native plugins compatible for Editor in 0.19 ms, found 0 plugins.
Preloading 0 native plugins for Editor in 0.00 ms.
Unloading 1123 Unused Serialized files (Serialized files now loaded: 0)
System memory in use before: 57.4 MB.
System memory in use after: 57.4 MB.

Unloading 5 unused Assets to reduce memory usage. Loaded Objects now: 1624.
Total: 1.400400 ms (FindLiveObjects: 0.138300 ms CreateObjectMapping: 0.029800 ms MarkObjects: 1.167300 ms  DeleteObjects: 0.048900 ms)

========================================================================
Received Prepare
Registering precompiled user dll's ...
Registered in 0.000598 seconds.
Begin MonoManager ReloadAssembly
Native extension for WindowsStandalone target not found
Refreshing native plugins compatible for Editor in 0.19 ms, found 0 plugins.
Preloading 0 native plugins for Editor in 0.00 ms.
Invoked RoslynAnalysisRunner static constructor.
RoslynAnalysisRunner will not be running.
RoslynAnalysisRunner has terminated.
Mono: successfully reloaded assembly
- Completed reload, in  0.641 seconds
Platform modules already initialized, skipping
Refreshing native plugins compatible for Editor in 0.19 ms, found 0 plugins.
Preloading 0 native plugins for Editor in 0.00 ms.
Unloading 1123 Unused Serialized files (Serialized files now loaded: 0)
System memory in use before: 57.4 MB.
System memory in use after: 57.4 MB.

Unloading 5 unused Assets to reduce memory usage. Loaded Objects now: 1627.
Total: 1.442100 ms (FindLiveObjects: 0.137300 ms CreateObjectMapping: 0.032200 ms MarkObjects: 1.232500 ms  DeleteObjects: 0.039200 ms)

========================================================================
Received Import Request.
  Time since last request: 277.755509 seconds.
  path: Assets/Scenes/Scripts/Ejercicio 4/E4b.cs
  artifactKey: Guid(513c406cb84da7e4b94982441ad4d612) Importer(815301076,1909f56bfc062723c751e8b465ee728b)
Start importing Assets/Scenes/Scripts/Ejercicio 4/E4b.cs using Guid(513c406cb84da7e4b94982441ad4d612) Importer(815301076,1909f56bfc062723c751e8b465ee728b)  -> (artifact id: 'fb6a39df27d85f059515c65d4fd26d55') in 0.005535 seconds
  Import took 0.007217 seconds .

========================================================================
Received Import Request.
  Time since last request: 5.019332 seconds.
  path: Assets/Scenes/Scripts/Ejercicio 4/E4b1.cs
  artifactKey: Guid(6d0555c875f61e44280cea80b1150180) Importer(815301076,1909f56bfc062723c751e8b465ee728b)
Start importing Assets/Scenes/Scripts/Ejercicio 4/E4b1.cs using Guid(6d0555c875f61e44280cea80b1150180) Importer(815301076,1909f56bfc062723c751e8b465ee728b)  -> (artifact id: 'fdcc3a74b6a89596c88ed54760f9dc7b') in 0.007117 seconds
  Import took 0.008988 seconds .

========================================================================
Received Import Request.
  Time since last request: 9.301500 seconds.
  path: Assets/Scenes/Scripts/Ejercicio 4/E4bParte2.cs
  artifactKey: Guid(6d0555c875f61e44280cea80b1150180) Importer(815301076,1909f56bfc062723c751e8b465ee728b)
Start importing Assets/Scenes/Scripts/Ejercicio 4/E4bParte2.cs using Guid(6d0555c875f61e44280cea80b1150180) Importer(815301076,1909f56bfc062723c751e8b465ee728b)  -> (artifact id: '7afdeabd2daa55f17583a7f6a2acbc25') in 0.007066 seconds
  Import took 0.008774 seconds .

========================================================================
Received Prepare
Registering precompiled user dll's ...
Registered in 0.000530 seconds.
Begin MonoManager ReloadAssembly
Native extension for WindowsStandalone target not found
Refreshing native plugins compatible for Editor in 0.19 ms, found 0 plugins.
Preloading 0 native plugins for Editor in 0.00 ms.
Invoked RoslynAnalysisRunner static constructor.
RoslynAnalysisRunner will not be running.
RoslynAnalysisRunner has terminated.
Mono: successfully reloaded assembly
- Completed reload, in  0.644 seconds
Platform modules already initialized, skipping
Refreshing native plugins compatible for Editor in 0.18 ms, found 0 plugins.
Preloading 0 native plugins for Editor in 0.00 ms.
Unloading 1124 Unused Serialized files (Serialized files now loaded: 0)
System memory in use before: 57.4 MB.
System memory in use after: 57.5 MB.

Unloading 5 unused Assets to reduce memory usage. Loaded Objects now: 1631.
Total: 1.326500 ms (FindLiveObjects: 0.129200 ms CreateObjectMapping: 0.028400 ms MarkObjects: 1.136100 ms  DeleteObjects: 0.032100 ms)

========================================================================
Received Import Request.
  Time since last request: 16.908051 seconds.
  path: Assets/Scenes/Scripts/Ejercicio 4/E4bParte2.cs
  artifactKey: Guid(6d0555c875f61e44280cea80b1150180) Importer(815301076,1909f56bfc062723c751e8b465ee728b)
Start importing Assets/Scenes/Scripts/Ejercicio 4/E4bParte2.cs using Guid(6d0555c875f61e44280cea80b1150180) Importer(815301076,1909f56bfc062723c751e8b465ee728b)  -> (artifact id: '1dbb6b89167d8f4cb770c56bc14ae8fe') in 0.005725 seconds
  Import took 0.007296 seconds .

========================================================================
Received Prepare
Registering precompiled user dll's ...
Registered in 0.000462 seconds.
Begin MonoManager ReloadAssembly
Native extension for WindowsStandalone target not found
Refreshing native plugins compatible for Editor in 0.18 ms, found 0 plugins.
Preloading 0 native plugins for Editor in 0.00 ms.
Invoked RoslynAnalysisRunner static constructor.
RoslynAnalysisRunner will not be running.
RoslynAnalysisRunner has terminated.
Mono: successfully reloaded assembly
- Completed reload, in  0.658 seconds
Platform modules already initialized, skipping
Refreshing native plugins compatible for Editor in 0.19 ms, found 0 plugins.
Preloading 0 native plugins for Editor in 0.00 ms.
Unloading 1124 Unused Serialized files (Serialized files now loaded: 0)
System memory in use before: 57.4 MB.
System memory in use after: 57.5 MB.

Unloading 5 unused Assets to reduce memory usage. Loaded Objects now: 1634.
Total: 1.700700 ms (FindLiveObjects: 0.205900 ms CreateObjectMapping: 0.051800 ms MarkObjects: 1.396400 ms  DeleteObjects: 0.045200 ms)

========================================================================
Received Prepare
Registering precompiled user dll's ...
Registered in 0.000530 seconds.
Begin MonoManager ReloadAssembly
Native extension for WindowsStandalone target not found
Refreshing native plugins compatible for Editor in 0.18 ms, found 0 plugins.
Preloading 0 native plugins for Editor in 0.00 ms.
Invoked RoslynAnalysisRunner static constructor.
RoslynAnalysisRunner will not be running.
RoslynAnalysisRunner has terminated.
Mono: successfully reloaded assembly
- Completed reload, in  0.641 seconds
Platform modules already initialized, skipping
Refreshing native plugins compatible for Editor in 0.19 ms, found 0 plugins.
Preloading 0 native plugins for Editor in 0.00 ms.
Unloading 1124 Unused Serialized files (Serialized files now loaded: 0)
System memory in use before: 57.4 MB.
System memory in use after: 57.5 MB.

Unloading 5 unused Assets to reduce memory usage. Loaded Objects now: 1637.
Total: 1.516600 ms (FindLiveObjects: 0.171300 ms CreateObjectMapping: 0.045000 ms MarkObjects: 1.260700 ms  DeleteObjects: 0.038800 ms)

========================================================================
Received Prepare
Registering precompiled user dll's ...
Registered in 0.000506 seconds.
Begin MonoManager ReloadAssembly
Native extension for WindowsStandalone target not found
Refreshing native plugins compatible for Editor in 0.19 ms, found 0 plugins.
Preloading 0 native plugins for Editor in 0.00 ms.
Invoked RoslynAnalysisRunner static constructor.
RoslynAnalysisRunner will not be running.
RoslynAnalysisRunner has terminated.
Mono: successfully reloaded assembly
- Completed reload, in  0.653 seconds
Platform modules already initialized, skipping
Refreshing native plugins compatible for Editor in 0.18 ms, found 0 plugins.
Preloading 0 native plugins for Editor in 0.00 ms.
Unloading 1124 Unused Serialized files (Serialized files now loaded: 0)
System memory in use before: 57.4 MB.
System memory in use after: 57.5 MB.

Unloading 5 unused Assets to reduce memory usage. Loaded Objects now: 1640.
Total: 1.540400 ms (FindLiveObjects: 0.157200 ms CreateObjectMapping: 0.037000 ms MarkObjects: 1.296400 ms  DeleteObjects: 0.048400 ms)

========================================================================
Received Prepare
Registering precompiled user dll's ...
Registered in 0.000591 seconds.
Begin MonoManager ReloadAssembly
Native extension for WindowsStandalone target not found
Refreshing native plugins compatible for Editor in 0.18 ms, found 0 plugins.
Preloading 0 native plugins for Editor in 0.00 ms.
Invoked RoslynAnalysisRunner static constructor.
RoslynAnalysisRunner will not be running.
RoslynAnalysisRunner has terminated.
Mono: successfully reloaded assembly
- Completed reload, in  0.624 seconds
Platform modules already initialized, skipping
Refreshing native plugins compatible for Editor in 0.17 ms, found 0 plugins.
Preloading 0 native plugins for Editor in 0.00 ms.
Unloading 1124 Unused Serialized files (Serialized files now loaded: 0)
System memory in use before: 57.4 MB.
System memory in use after: 57.5 MB.

Unloading 5 unused Assets to reduce memory usage. Loaded Objects now: 1643.
Total: 1.368000 ms (FindLiveObjects: 0.115100 ms CreateObjectMapping: 0.027900 ms MarkObjects: 1.190900 ms  DeleteObjects: 0.033400 ms)

========================================================================
Received Prepare
Registering precompiled user dll's ...
Registered in 0.000463 seconds.
Begin MonoManager ReloadAssembly
Native extension for WindowsStandalone target not found
Refreshing native plugins compatible for Editor in 0.18 ms, found 0 plugins.
Preloading 0 native plugins for Editor in 0.00 ms.
Invoked RoslynAnalysisRunner static constructor.
RoslynAnalysisRunner will not be running.
RoslynAnalysisRunner has terminated.
Mono: successfully reloaded assembly
- Completed reload, in  0.658 seconds
Platform modules already initialized, skipping
Refreshing native plugins compatible for Editor in 0.19 ms, found 0 plugins.
Preloading 0 native plugins for Editor in 0.00 ms.
Unloading 1124 Unused Serialized files (Serialized files now loaded: 0)
System memory in use before: 57.4 MB.
System memory in use after: 57.5 MB.

Unloading 5 unused Assets to reduce memory usage. Loaded Objects now: 1646.
Total: 1.405600 ms (FindLiveObjects: 0.127800 ms CreateObjectMapping: 0.032900 ms MarkObjects: 1.208300 ms  DeleteObjects: 0.035700 ms)

========================================================================
Received Prepare
Registering precompiled user dll's ...
Registered in 0.000461 seconds.
Begin MonoManager ReloadAssembly
Native extension for WindowsStandalone target not found
Refreshing native plugins compatible for Editor in 0.19 ms, found 0 plugins.
Preloading 0 native plugins for Editor in 0.00 ms.
Invoked RoslynAnalysisRunner static constructor.
RoslynAnalysisRunner will not be running.
RoslynAnalysisRunner has terminated.
Mono: successfully reloaded assembly
- Completed reload, in  0.642 seconds
Platform modules already initialized, skipping
Refreshing native plugins compatible for Editor in 0.18 ms, found 0 plugins.
Preloading 0 native plugins for Editor in 0.00 ms.
Unloading 1124 Unused Serialized files (Serialized files now loaded: 0)
System memory in use before: 57.4 MB.
System memory in use after: 57.5 MB.

Unloading 5 unused Assets to reduce memory usage. Loaded Objects now: 1649.
Total: 1.376200 ms (FindLiveObjects: 0.116400 ms CreateObjectMapping: 0.029500 ms MarkObjects: 1.192800 ms  DeleteObjects: 0.036800 ms)

========================================================================
Received Prepare
Registering precompiled user dll's ...
Registered in 0.000574 seconds.
Begin MonoManager ReloadAssembly
Native extension for WindowsStandalone target not found
Refreshing native plugins compatible for Editor in 0.19 ms, found 0 plugins.
Preloading 0 native plugins for Editor in 0.00 ms.
Invoked RoslynAnalysisRunner static constructor.
RoslynAnalysisRunner will not be running.
RoslynAnalysisRunner has terminated.
Mono: successfully reloaded assembly
- Completed reload, in  0.629 seconds
Platform modules already initialized, skipping
Refreshing native plugins compatible for Editor in 0.18 ms, found 0 plugins.
Preloading 0 native plugins for Editor in 0.00 ms.
Unloading 1124 Unused Serialized files (Serialized files now loaded: 0)
System memory in use before: 57.4 MB.
System memory in use after: 57.5 MB.

Unloading 5 unused Assets to reduce memory usage. Loaded Objects now: 1652.
Total: 1.348100 ms (FindLiveObjects: 0.134500 ms CreateObjectMapping: 0.031100 ms MarkObjects: 1.147100 ms  DeleteObjects: 0.034600 ms)

========================================================================
Received Prepare
Registering precompiled user dll's ...
Registered in 0.000649 seconds.
Begin MonoManager ReloadAssembly
Native extension for WindowsStandalone target not found
Refreshing native plugins compatible for Editor in 0.27 ms, found 0 plugins.
Preloading 0 native plugins for Editor in 0.00 ms.
Invoked RoslynAnalysisRunner static constructor.
RoslynAnalysisRunner will not be running.
RoslynAnalysisRunner has terminated.
Mono: successfully reloaded assembly
- Completed reload, in  0.643 seconds
Platform modules already initialized, skipping
Refreshing native plugins compatible for Editor in 0.18 ms, found 0 plugins.
Preloading 0 native plugins for Editor in 0.00 ms.
Unloading 1124 Unused Serialized files (Serialized files now loaded: 0)
System memory in use before: 57.4 MB.
System memory in use after: 57.5 MB.

Unloading 5 unused Assets to reduce memory usage. Loaded Objects now: 1655.
Total: 1.424300 ms (FindLiveObjects: 0.140500 ms CreateObjectMapping: 0.036000 ms MarkObjects: 1.193100 ms  DeleteObjects: 0.053800 ms)

========================================================================
Received Prepare
Registering precompiled user dll's ...
Registered in 0.000423 seconds.
Begin MonoManager ReloadAssembly
Native extension for WindowsStandalone target not found
Refreshing native plugins compatible for Editor in 0.19 ms, found 0 plugins.
Preloading 0 native plugins for Editor in 0.00 ms.
Invoked RoslynAnalysisRunner static constructor.
RoslynAnalysisRunner will not be running.
RoslynAnalysisRunner has terminated.
Mono: successfully reloaded assembly
- Completed reload, in  0.655 seconds
Platform modules already initialized, skipping
Refreshing native plugins compatible for Editor in 0.19 ms, found 0 plugins.
Preloading 0 native plugins for Editor in 0.00 ms.
Unloading 1124 Unused Serialized files (Serialized files now loaded: 0)
System memory in use before: 57.4 MB.
System memory in use after: 57.5 MB.

Unloading 5 unused Assets to reduce memory usage. Loaded Objects now: 1658.
Total: 1.354000 ms (FindLiveObjects: 0.136700 ms CreateObjectMapping: 0.029800 ms MarkObjects: 1.149500 ms  DeleteObjects: 0.037200 ms)

========================================================================
Received Prepare
Registering precompiled user dll's ...
Registered in 0.000546 seconds.
Begin MonoManager ReloadAssembly
Native extension for WindowsStandalone target not found
Refreshing native plugins compatible for Editor in 0.19 ms, found 0 plugins.
Preloading 0 native plugins for Editor in 0.00 ms.
Invoked RoslynAnalysisRunner static constructor.
RoslynAnalysisRunner will not be running.
RoslynAnalysisRunner has terminated.
Mono: successfully reloaded assembly
- Completed reload, in  0.667 seconds
Platform modules already initialized, skipping
Refreshing native plugins compatible for Editor in 0.18 ms, found 0 plugins.
Preloading 0 native plugins for Editor in 0.00 ms.
Unloading 1124 Unused Serialized files (Serialized files now loaded: 0)
System memory in use before: 57.5 MB.
System memory in use after: 57.5 MB.

Unloading 5 unused Assets to reduce memory usage. Loaded Objects now: 1661.
Total: 1.437000 ms (FindLiveObjects: 0.122800 ms CreateObjectMapping: 0.030400 ms MarkObjects: 1.244700 ms  DeleteObjects: 0.038200 ms)

========================================================================
Received Prepare
Registering precompiled user dll's ...
Registered in 0.000570 seconds.
Begin MonoManager ReloadAssembly
Native extension for WindowsStandalone target not found
Refreshing native plugins compatible for Editor in 0.19 ms, found 0 plugins.
Preloading 0 native plugins for Editor in 0.00 ms.
Invoked RoslynAnalysisRunner static constructor.
RoslynAnalysisRunner will not be running.
RoslynAnalysisRunner has terminated.
Mono: successfully reloaded assembly
- Completed reload, in  0.632 seconds
Platform modules already initialized, skipping
Refreshing native plugins compatible for Editor in 0.18 ms, found 0 plugins.
Preloading 0 native plugins for Editor in 0.00 ms.
Unloading 1124 Unused Serialized files (Serialized files now loaded: 0)
System memory in use before: 57.5 MB.
System memory in use after: 57.5 MB.

Unloading 5 unused Assets to reduce memory usage. Loaded Objects now: 1664.
Total: 1.406900 ms (FindLiveObjects: 0.121900 ms CreateObjectMapping: 0.031500 ms MarkObjects: 1.219700 ms  DeleteObjects: 0.033000 ms)

========================================================================
Received Prepare
Registering precompiled user dll's ...
Registered in 0.000493 seconds.
Begin MonoManager ReloadAssembly
Native extension for WindowsStandalone target not found
Refreshing native plugins compatible for Editor in 0.19 ms, found 0 plugins.
Preloading 0 native plugins for Editor in 0.00 ms.
Invoked RoslynAnalysisRunner static constructor.
RoslynAnalysisRunner will not be running.
RoslynAnalysisRunner has terminated.
Mono: successfully reloaded assembly
- Completed reload, in  0.640 seconds
Platform modules already initialized, skipping
Refreshing native plugins compatible for Editor in 0.18 ms, found 0 plugins.
Preloading 0 native plugins for Editor in 0.00 ms.
Unloading 1124 Unused Serialized files (Serialized files now loaded: 0)
System memory in use before: 57.5 MB.
System memory in use after: 57.5 MB.

Unloading 5 unused Assets to reduce memory usage. Loaded Objects now: 1667.
Total: 1.508800 ms (FindLiveObjects: 0.135500 ms CreateObjectMapping: 0.034100 ms MarkObjects: 1.297600 ms  DeleteObjects: 0.040700 ms)

========================================================================
Received Import Request.
  Time since last request: 1472.332875 seconds.
  path: Assets/Scenes/Scripts/Ejercicio 4/E4bParte2.cs
  artifactKey: Guid(6d0555c875f61e44280cea80b1150180) Importer(815301076,1909f56bfc062723c751e8b465ee728b)
Start importing Assets/Scenes/Scripts/Ejercicio 4/E4bParte2.cs using Guid(6d0555c875f61e44280cea80b1150180) Importer(815301076,1909f56bfc062723c751e8b465ee728b)  -> (artifact id: '69c4671888bf5ec5568bba9a49966d67') in 0.005967 seconds
  Import took 0.007677 seconds .

========================================================================
Received Import Request.
  Time since last request: 16.482585 seconds.
  path: Assets/Scenes/Scripts/Ejercicio 4/E4c.cs
  artifactKey: Guid(b2990bc7696241c438765cc5f529cf13) Importer(815301076,1909f56bfc062723c751e8b465ee728b)
Start importing Assets/Scenes/Scripts/Ejercicio 4/E4c.cs using Guid(b2990bc7696241c438765cc5f529cf13) Importer(815301076,1909f56bfc062723c751e8b465ee728b)  -> (artifact id: 'bfc6d792a2cae5e238cf77dccf0ba054') in 0.007432 seconds
  Import took 0.009139 seconds .

========================================================================
Received Prepare
Registering precompiled user dll's ...
Registered in 0.000423 seconds.
Begin MonoManager ReloadAssembly
Native extension for WindowsStandalone target not found
Refreshing native plugins compatible for Editor in 0.19 ms, found 0 plugins.
Preloading 0 native plugins for Editor in 0.00 ms.
Invoked RoslynAnalysisRunner static constructor.
RoslynAnalysisRunner will not be running.
RoslynAnalysisRunner has terminated.
Mono: successfully reloaded assembly
- Completed reload, in  0.690 seconds
Platform modules already initialized, skipping
Refreshing native plugins compatible for Editor in 0.19 ms, found 0 plugins.
Preloading 0 native plugins for Editor in 0.00 ms.
Unloading 1125 Unused Serialized files (Serialized files now loaded: 0)
System memory in use before: 57.5 MB.
System memory in use after: 57.6 MB.

Unloading 5 unused Assets to reduce memory usage. Loaded Objects now: 1671.
Total: 1.392300 ms (FindLiveObjects: 0.131000 ms CreateObjectMapping: 0.029200 ms MarkObjects: 1.194000 ms  DeleteObjects: 0.037300 ms)

========================================================================
Received Prepare
Registering precompiled user dll's ...
Registered in 0.000524 seconds.
Begin MonoManager ReloadAssembly
Native extension for WindowsStandalone target not found
Refreshing native plugins compatible for Editor in 0.20 ms, found 0 plugins.
Preloading 0 native plugins for Editor in 0.00 ms.
Invoked RoslynAnalysisRunner static constructor.
RoslynAnalysisRunner will not be running.
RoslynAnalysisRunner has terminated.
Mono: successfully reloaded assembly
- Completed reload, in  0.672 seconds
Platform modules already initialized, skipping
Refreshing native plugins compatible for Editor in 0.18 ms, found 0 plugins.
Preloading 0 native plugins for Editor in 0.00 ms.
Unloading 1125 Unused Serialized files (Serialized files now loaded: 0)
System memory in use before: 57.5 MB.
System memory in use after: 57.6 MB.

Unloading 5 unused Assets to reduce memory usage. Loaded Objects now: 1674.
Total: 1.444000 ms (FindLiveObjects: 0.136900 ms CreateObjectMapping: 0.031700 ms MarkObjects: 1.236300 ms  DeleteObjects: 0.038400 ms)

========================================================================
Received Import Request.
  Time since last request: 597.076450 seconds.
  path: Assets/Scenes/Scripts/Ejercicio 4/E4c.cs
  artifactKey: Guid(b2990bc7696241c438765cc5f529cf13) Importer(815301076,1909f56bfc062723c751e8b465ee728b)
Start importing Assets/Scenes/Scripts/Ejercicio 4/E4c.cs using Guid(b2990bc7696241c438765cc5f529cf13) Importer(815301076,1909f56bfc062723c751e8b465ee728b)  -> (artifact id: 'aede9df046ca815bce67ae2fe755a26f') in 0.005305 seconds
  Import took 0.006915 seconds .

========================================================================
Received Prepare
Registering precompiled user dll's ...
Registered in 0.000576 seconds.
Begin MonoManager ReloadAssembly
Native extension for WindowsStandalone target not found
Refreshing native plugins compatible for Editor in 0.21 ms, found 0 plugins.
Preloading 0 native plugins for Editor in 0.00 ms.
Invoked RoslynAnalysisRunner static constructor.
RoslynAnalysisRunner will not be running.
RoslynAnalysisRunner has terminated.
Mono: successfully reloaded assembly
- Completed reload, in  0.622 seconds
Platform modules already initialized, skipping
Refreshing native plugins compatible for Editor in 0.19 ms, found 0 plugins.
Preloading 0 native plugins for Editor in 0.00 ms.
Unloading 1125 Unused Serialized files (Serialized files now loaded: 0)
System memory in use before: 57.5 MB.
System memory in use after: 57.6 MB.

Unloading 5 unused Assets to reduce memory usage. Loaded Objects now: 1677.
Total: 1.574200 ms (FindLiveObjects: 0.139500 ms CreateObjectMapping: 0.033700 ms MarkObjects: 1.360700 ms  DeleteObjects: 0.039400 ms)

========================================================================
Received Prepare
Registering precompiled user dll's ...
Registered in 0.000576 seconds.
Begin MonoManager ReloadAssembly
Native extension for WindowsStandalone target not found
Refreshing native plugins compatible for Editor in 0.18 ms, found 0 plugins.
Preloading 0 native plugins for Editor in 0.00 ms.
Invoked RoslynAnalysisRunner static constructor.
RoslynAnalysisRunner will not be running.
RoslynAnalysisRunner has terminated.
Mono: successfully reloaded assembly
- Completed reload, in  0.648 seconds
Platform modules already initialized, skipping
Refreshing native plugins compatible for Editor in 0.18 ms, found 0 plugins.
Preloading 0 native plugins for Editor in 0.00 ms.
Unloading 1125 Unused Serialized files (Serialized files now loaded: 0)
System memory in use before: 57.5 MB.
System memory in use after: 57.6 MB.

Unloading 5 unused Assets to reduce memory usage. Loaded Objects now: 1680.
Total: 2.590000 ms (FindLiveObjects: 0.154100 ms CreateObjectMapping: 0.041500 ms MarkObjects: 2.345200 ms  DeleteObjects: 0.048000 ms)

========================================================================
Received Import Request.
  Time since last request: 276.243627 seconds.
  path: Assets/Scenes/Scripts/Ejercicio 4/E4d.cs
  artifactKey: Guid(d6d56e1931514ce4ba33fa3723df2a48) Importer(815301076,1909f56bfc062723c751e8b465ee728b)
Start importing Assets/Scenes/Scripts/Ejercicio 4/E4d.cs using Guid(d6d56e1931514ce4ba33fa3723df2a48) Importer(815301076,1909f56bfc062723c751e8b465ee728b)  -> (artifact id: 'f18f42a049c23d5ed48c0d44c6eeb6b4') in 0.008835 seconds
  Import took 0.010756 seconds .

========================================================================
Received Prepare
Registering precompiled user dll's ...
Registered in 0.000482 seconds.
Begin MonoManager ReloadAssembly
Native extension for WindowsStandalone target not found
Refreshing native plugins compatible for Editor in 0.18 ms, found 0 plugins.
Preloading 0 native plugins for Editor in 0.00 ms.
Invoked RoslynAnalysisRunner static constructor.
RoslynAnalysisRunner will not be running.
RoslynAnalysisRunner has terminated.
Mono: successfully reloaded assembly
- Completed reload, in  0.663 seconds
Platform modules already initialized, skipping
Refreshing native plugins compatible for Editor in 0.18 ms, found 0 plugins.
Preloading 0 native plugins for Editor in 0.00 ms.
Unloading 1126 Unused Serialized files (Serialized files now loaded: 0)
System memory in use before: 57.5 MB.
System memory in use after: 57.6 MB.

Unloading 5 unused Assets to reduce memory usage. Loaded Objects now: 1684.
Total: 1.431700 ms (FindLiveObjects: 0.125900 ms CreateObjectMapping: 0.031100 ms MarkObjects: 1.238300 ms  DeleteObjects: 0.035600 ms)

========================================================================
Received Prepare
Registering precompiled user dll's ...
Registered in 0.000452 seconds.
Begin MonoManager ReloadAssembly
Native extension for WindowsStandalone target not found
Refreshing native plugins compatible for Editor in 0.19 ms, found 0 plugins.
Preloading 0 native plugins for Editor in 0.00 ms.
Invoked RoslynAnalysisRunner static constructor.
RoslynAnalysisRunner will not be running.
RoslynAnalysisRunner has terminated.
Mono: successfully reloaded assembly
- Completed reload, in  0.640 seconds
Platform modules already initialized, skipping
Refreshing native plugins compatible for Editor in 0.18 ms, found 0 plugins.
Preloading 0 native plugins for Editor in 0.00 ms.
Unloading 1126 Unused Serialized files (Serialized files now loaded: 0)
System memory in use before: 57.5 MB.
System memory in use after: 57.6 MB.

Unloading 5 unused Assets to reduce memory usage. Loaded Objects now: 1687.
Total: 1.479900 ms (FindLiveObjects: 0.136500 ms CreateObjectMapping: 0.035600 ms MarkObjects: 1.269600 ms  DeleteObjects: 0.037600 ms)

========================================================================
Received Import Request.
  Time since last request: 466.822463 seconds.
  path: Assets/Scenes/Scripts/Ejercicio 4/E4d.cs
  artifactKey: Guid(d6d56e1931514ce4ba33fa3723df2a48) Importer(815301076,1909f56bfc062723c751e8b465ee728b)
Start importing Assets/Scenes/Scripts/Ejercicio 4/E4d.cs using Guid(d6d56e1931514ce4ba33fa3723df2a48) Importer(815301076,1909f56bfc062723c751e8b465ee728b)  -> (artifact id: '04e41e8a0aa324bd148a501155312df0') in 0.006529 seconds
  Import took 0.008069 seconds .

========================================================================
Received Prepare
Registering precompiled user dll's ...
Registered in 0.000459 seconds.
Begin MonoManager ReloadAssembly
Native extension for WindowsStandalone target not found
Refreshing native plugins compatible for Editor in 0.19 ms, found 0 plugins.
Preloading 0 native plugins for Editor in 0.00 ms.
Invoked RoslynAnalysisRunner static constructor.
RoslynAnalysisRunner will not be running.
RoslynAnalysisRunner has terminated.
Mono: successfully reloaded assembly
- Completed reload, in  0.647 seconds
Platform modules already initialized, skipping
Refreshing native plugins compatible for Editor in 0.18 ms, found 0 plugins.
Preloading 0 native plugins for Editor in 0.00 ms.
Unloading 1126 Unused Serialized files (Serialized files now loaded: 0)
System memory in use before: 57.5 MB.
System memory in use after: 57.6 MB.

Unloading 5 unused Assets to reduce memory usage. Loaded Objects now: 1690.
Total: 1.550700 ms (FindLiveObjects: 0.142700 ms CreateObjectMapping: 0.032700 ms MarkObjects: 1.295600 ms  DeleteObjects: 0.078800 ms)

========================================================================
Received Import Request.
  Time since last request: 69.672155 seconds.
  path: Assets/Scenes/Scripts/Ejercicio 4/E4d.cs
  artifactKey: Guid(d6d56e1931514ce4ba33fa3723df2a48) Importer(815301076,1909f56bfc062723c751e8b465ee728b)
Start importing Assets/Scenes/Scripts/Ejercicio 4/E4d.cs using Guid(d6d56e1931514ce4ba33fa3723df2a48) Importer(815301076,1909f56bfc062723c751e8b465ee728b)  -> (artifact id: '9fa9beddf83576bf4209f542f44f5198') in 0.005509 seconds
  Import took 0.007222 seconds .

========================================================================
Received Import Request.
  Time since last request: 1.108452 seconds.
  path: Assets/Scenes/Scripts/Ejercicio 4/E4d.cs
  artifactKey: Guid(d6d56e1931514ce4ba33fa3723df2a48) Importer(815301076,1909f56bfc062723c751e8b465ee728b)
Start importing Assets/Scenes/Scripts/Ejercicio 4/E4d.cs using Guid(d6d56e1931514ce4ba33fa3723df2a48) Importer(815301076,1909f56bfc062723c751e8b465ee728b)  -> (artifact id: '9fa9beddf83576bf4209f542f44f5198') in 0.003348 seconds
  Import took 0.004995 seconds .

========================================================================
Received Prepare
Registering precompiled user dll's ...
Registered in 0.000451 seconds.
Begin MonoManager ReloadAssembly
Native extension for WindowsStandalone target not found
Refreshing native plugins compatible for Editor in 0.19 ms, found 0 plugins.
Preloading 0 native plugins for Editor in 0.00 ms.
Invoked RoslynAnalysisRunner static constructor.
RoslynAnalysisRunner will not be running.
RoslynAnalysisRunner has terminated.
Mono: successfully reloaded assembly
- Completed reload, in  0.658 seconds
Platform modules already initialized, skipping
Refreshing native plugins compatible for Editor in 0.18 ms, found 0 plugins.
Preloading 0 native plugins for Editor in 0.00 ms.
Unloading 1126 Unused Serialized files (Serialized files now loaded: 0)
System memory in use before: 57.6 MB.
System memory in use after: 57.6 MB.

Unloading 5 unused Assets to reduce memory usage. Loaded Objects now: 1693.
Total: 1.456200 ms (FindLiveObjects: 0.143400 ms CreateObjectMapping: 0.034200 ms MarkObjects: 1.241100 ms  DeleteObjects: 0.036700 ms)

========================================================================
Received Import Request.
  Time since last request: 30.570305 seconds.
  path: Assets/Scenes/Scripts/Ejercicio 4/E4d.cs
  artifactKey: Guid(d6d56e1931514ce4ba33fa3723df2a48) Importer(815301076,1909f56bfc062723c751e8b465ee728b)
Start importing Assets/Scenes/Scripts/Ejercicio 4/E4d.cs using Guid(d6d56e1931514ce4ba33fa3723df2a48) Importer(815301076,1909f56bfc062723c751e8b465ee728b)  -> (artifact id: '7647b5d5bacdb26bcb567dcdd3bd4693') in 0.005094 seconds
  Import took 0.006727 seconds .

========================================================================
Received Import Request.
  Time since last request: 1.065271 seconds.
  path: Assets/Scenes/Scripts/Ejercicio 4/E4d.cs
  artifactKey: Guid(d6d56e1931514ce4ba33fa3723df2a48) Importer(815301076,1909f56bfc062723c751e8b465ee728b)
Start importing Assets/Scenes/Scripts/Ejercicio 4/E4d.cs using Guid(d6d56e1931514ce4ba33fa3723df2a48) Importer(815301076,1909f56bfc062723c751e8b465ee728b)  -> (artifact id: '7647b5d5bacdb26bcb567dcdd3bd4693') in 0.003664 seconds
  Import took 0.005387 seconds .

========================================================================
Received Prepare
Registering precompiled user dll's ...
Registered in 0.000435 seconds.
Begin MonoManager ReloadAssembly
Native extension for WindowsStandalone target not found
Refreshing native plugins compatible for Editor in 0.20 ms, found 0 plugins.
Preloading 0 native plugins for Editor in 0.00 ms.
Invoked RoslynAnalysisRunner static constructor.
RoslynAnalysisRunner will not be running.
RoslynAnalysisRunner has terminated.
Mono: successfully reloaded assembly
- Completed reload, in  0.665 seconds
Platform modules already initialized, skipping
Refreshing native plugins compatible for Editor in 0.19 ms, found 0 plugins.
Preloading 0 native plugins for Editor in 0.00 ms.
Unloading 1126 Unused Serialized files (Serialized files now loaded: 0)
System memory in use before: 57.6 MB.
System memory in use after: 57.6 MB.

Unloading 5 unused Assets to reduce memory usage. Loaded Objects now: 1696.
Total: 1.590600 ms (FindLiveObjects: 0.145200 ms CreateObjectMapping: 0.029200 ms MarkObjects: 1.375400 ms  DeleteObjects: 0.039800 ms)

========================================================================
Received Import Request.
  Time since last request: 37.225160 seconds.
  path: Assets/Scenes/Scripts/Ejercicio 4/E4d.cs
  artifactKey: Guid(d6d56e1931514ce4ba33fa3723df2a48) Importer(815301076,1909f56bfc062723c751e8b465ee728b)
Start importing Assets/Scenes/Scripts/Ejercicio 4/E4d.cs using Guid(d6d56e1931514ce4ba33fa3723df2a48) Importer(815301076,1909f56bfc062723c751e8b465ee728b)  -> (artifact id: '233607b0cb26aac1a1143fadf4e75c29') in 0.005438 seconds
  Import took 0.007047 seconds .

========================================================================
Received Import Request.
  Time since last request: 0.020599 seconds.
  path: Assets/Scenes/Scripts/Ejercicio 4/E4d.cs
  artifactKey: Guid(d6d56e1931514ce4ba33fa3723df2a48) Importer(815301076,1909f56bfc062723c751e8b465ee728b)
Start importing Assets/Scenes/Scripts/Ejercicio 4/E4d.cs using Guid(d6d56e1931514ce4ba33fa3723df2a48) Importer(815301076,1909f56bfc062723c751e8b465ee728b)  -> (artifact id: '233607b0cb26aac1a1143fadf4e75c29') in 0.003036 seconds
  Import took 0.004826 seconds .

========================================================================
Received Prepare
Registering precompiled user dll's ...
Registered in 0.000433 seconds.
Begin MonoManager ReloadAssembly
Native extension for WindowsStandalone target not found
Refreshing native plugins compatible for Editor in 0.19 ms, found 0 plugins.
Preloading 0 native plugins for Editor in 0.00 ms.
Invoked RoslynAnalysisRunner static constructor.
RoslynAnalysisRunner will not be running.
RoslynAnalysisRunner has terminated.
Mono: successfully reloaded assembly
- Completed reload, in  0.649 seconds
Platform modules already initialized, skipping
Refreshing native plugins compatible for Editor in 0.18 ms, found 0 plugins.
Preloading 0 native plugins for Editor in 0.00 ms.
Unloading 1126 Unused Serialized files (Serialized files now loaded: 0)
System memory in use before: 57.6 MB.
System memory in use after: 57.6 MB.

Unloading 5 unused Assets to reduce memory usage. Loaded Objects now: 1699.
Total: 1.388100 ms (FindLiveObjects: 0.115200 ms CreateObjectMapping: 0.026900 ms MarkObjects: 1.210700 ms  DeleteObjects: 0.034600 ms)

========================================================================
Received Import Request.
  Time since last request: 48.915102 seconds.
  path: Assets/Scenes/Scripts/Ejercicio 4/E4d.cs
  artifactKey: Guid(d6d56e1931514ce4ba33fa3723df2a48) Importer(815301076,1909f56bfc062723c751e8b465ee728b)
Start importing Assets/Scenes/Scripts/Ejercicio 4/E4d.cs using Guid(d6d56e1931514ce4ba33fa3723df2a48) Importer(815301076,1909f56bfc062723c751e8b465ee728b)  -> (artifact id: '65ec34785a22041133f4c2f8a5251285') in 0.005436 seconds
  Import took 0.006971 seconds .

========================================================================
Received Import Request.
  Time since last request: 12.362894 seconds.
  path: Assets/Scenes/Scripts/Ejercicio 4/E4dParte2.cs
  artifactKey: Guid(222589944d65923439a5292fcbf6ac1f) Importer(815301076,1909f56bfc062723c751e8b465ee728b)
Start importing Assets/Scenes/Scripts/Ejercicio 4/E4dParte2.cs using Guid(222589944d65923439a5292fcbf6ac1f) Importer(815301076,1909f56bfc062723c751e8b465ee728b)  -> (artifact id: 'd04077256419b1d15775c60a5f703853') in 0.007109 seconds
  Import took 0.008960 seconds .

========================================================================
Received Prepare
Registering precompiled user dll's ...
Registered in 0.000450 seconds.
Begin MonoManager ReloadAssembly
Native extension for WindowsStandalone target not found
Refreshing native plugins compatible for Editor in 0.19 ms, found 0 plugins.
Preloading 0 native plugins for Editor in 0.00 ms.
Invoked RoslynAnalysisRunner static constructor.
RoslynAnalysisRunner will not be running.
RoslynAnalysisRunner has terminated.
Mono: successfully reloaded assembly
- Completed reload, in  0.658 seconds
Platform modules already initialized, skipping
Refreshing native plugins compatible for Editor in 0.18 ms, found 0 plugins.
Preloading 0 native plugins for Editor in 0.00 ms.
Unloading 1127 Unused Serialized files (Serialized files now loaded: 0)
System memory in use before: 57.6 MB.
System memory in use after: 57.7 MB.

Unloading 5 unused Assets to reduce memory usage. Loaded Objects now: 1703.
Total: 1.650500 ms (FindLiveObjects: 0.130300 ms CreateObjectMapping: 0.032600 ms MarkObjects: 1.443600 ms  DeleteObjects: 0.043400 ms)

========================================================================
Received Prepare
Registering precompiled user dll's ...
Registered in 0.000435 seconds.
Begin MonoManager ReloadAssembly
Native extension for WindowsStandalone target not found
Refreshing native plugins compatible for Editor in 0.19 ms, found 0 plugins.
Preloading 0 native plugins for Editor in 0.00 ms.
Invoked RoslynAnalysisRunner static constructor.
RoslynAnalysisRunner will not be running.
RoslynAnalysisRunner has terminated.
Mono: successfully reloaded assembly
- Completed reload, in  0.667 seconds
Platform modules already initialized, skipping
Refreshing native plugins compatible for Editor in 0.18 ms, found 0 plugins.
Preloading 0 native plugins for Editor in 0.00 ms.
Unloading 1127 Unused Serialized files (Serialized files now loaded: 0)
System memory in use before: 57.6 MB.
System memory in use after: 57.7 MB.

Unloading 5 unused Assets to reduce memory usage. Loaded Objects now: 1706.
Total: 1.435400 ms (FindLiveObjects: 0.134500 ms CreateObjectMapping: 0.033300 ms MarkObjects: 1.229300 ms  DeleteObjects: 0.037400 ms)

========================================================================
Received Import Request.
  Time since last request: 310.857767 seconds.
  path: Assets/Scenes/Scripts/Ejercicio 4/E4dParte2.cs
  artifactKey: Guid(222589944d65923439a5292fcbf6ac1f) Importer(815301076,1909f56bfc062723c751e8b465ee728b)
Start importing Assets/Scenes/Scripts/Ejercicio 4/E4dParte2.cs using Guid(222589944d65923439a5292fcbf6ac1f) Importer(815301076,1909f56bfc062723c751e8b465ee728b)  -> (artifact id: '9554bc52e848240287b81fb954ddb6cf') in 0.006991 seconds
  Import took 0.008639 seconds .

========================================================================
Received Prepare
Registering precompiled user dll's ...
Registered in 0.000478 seconds.
Begin MonoManager ReloadAssembly
Native extension for WindowsStandalone target not found
Refreshing native plugins compatible for Editor in 0.19 ms, found 0 plugins.
Preloading 0 native plugins for Editor in 0.00 ms.
Invoked RoslynAnalysisRunner static constructor.
RoslynAnalysisRunner will not be running.
RoslynAnalysisRunner has terminated.
Mono: successfully reloaded assembly
- Completed reload, in  0.656 seconds
Platform modules already initialized, skipping
Refreshing native plugins compatible for Editor in 0.19 ms, found 0 plugins.
Preloading 0 native plugins for Editor in 0.00 ms.
Unloading 1127 Unused Serialized files (Serialized files now loaded: 0)
System memory in use before: 57.6 MB.
System memory in use after: 57.7 MB.

Unloading 5 unused Assets to reduce memory usage. Loaded Objects now: 1709.
Total: 1.581700 ms (FindLiveObjects: 0.153600 ms CreateObjectMapping: 0.031500 ms MarkObjects: 1.317400 ms  DeleteObjects: 0.078400 ms)

========================================================================
Received Import Request.
  Time since last request: 139.023624 seconds.
  path: Assets/Scenes/Scripts/Ejercicio 4/E4dParte2.cs
  artifactKey: Guid(222589944d65923439a5292fcbf6ac1f) Importer(815301076,1909f56bfc062723c751e8b465ee728b)
Start importing Assets/Scenes/Scripts/Ejercicio 4/E4dParte2.cs using Guid(222589944d65923439a5292fcbf6ac1f) Importer(815301076,1909f56bfc062723c751e8b465ee728b)  -> (artifact id: '24aa8a938a6bc308714ae686a59f4c3b') in 0.008463 seconds
  Import took 0.010413 seconds .

========================================================================
Received Import Request.
  Time since last request: 1.060030 seconds.
  path: Assets/Scenes/Scripts/Ejercicio 4/E4dParte2.cs
  artifactKey: Guid(222589944d65923439a5292fcbf6ac1f) Importer(815301076,1909f56bfc062723c751e8b465ee728b)
Start importing Assets/Scenes/Scripts/Ejercicio 4/E4dParte2.cs using Guid(222589944d65923439a5292fcbf6ac1f) Importer(815301076,1909f56bfc062723c751e8b465ee728b)  -> (artifact id: '24aa8a938a6bc308714ae686a59f4c3b') in 0.003963 seconds
  Import took 0.005634 seconds .

========================================================================
Received Prepare
Registering precompiled user dll's ...
Registered in 0.000436 seconds.
Begin MonoManager ReloadAssembly
Native extension for WindowsStandalone target not found
Refreshing native plugins compatible for Editor in 0.19 ms, found 0 plugins.
Preloading 0 native plugins for Editor in 0.00 ms.
Invoked RoslynAnalysisRunner static constructor.
RoslynAnalysisRunner will not be running.
RoslynAnalysisRunner has terminated.
Mono: successfully reloaded assembly
- Completed reload, in  0.651 seconds
Platform modules already initialized, skipping
Refreshing native plugins compatible for Editor in 0.19 ms, found 0 plugins.
Preloading 0 native plugins for Editor in 0.00 ms.
Unloading 1127 Unused Serialized files (Serialized files now loaded: 0)
System memory in use before: 57.6 MB.
System memory in use after: 57.7 MB.

Unloading 5 unused Assets to reduce memory usage. Loaded Objects now: 1712.
Total: 1.752800 ms (FindLiveObjects: 0.215900 ms CreateObjectMapping: 0.060400 ms MarkObjects: 1.432900 ms  DeleteObjects: 0.042300 ms)

========================================================================
Received Import Request.
  Time since last request: 46.381394 seconds.
  path: Assets/Scenes/Scripts/Ejercicio 4/E4dParte2.cs
  artifactKey: Guid(222589944d65923439a5292fcbf6ac1f) Importer(815301076,1909f56bfc062723c751e8b465ee728b)
Start importing Assets/Scenes/Scripts/Ejercicio 4/E4dParte2.cs using Guid(222589944d65923439a5292fcbf6ac1f) Importer(815301076,1909f56bfc062723c751e8b465ee728b)  -> (artifact id: 'e39f887c9ed6eb3314e749d4560cb25c') in 0.008276 seconds
  Import took 0.009928 seconds .

========================================================================
Received Import Request.
  Time since last request: 1.214766 seconds.
  path: Assets/Scenes/Scripts/Ejercicio 4/E4dParte2.cs
  artifactKey: Guid(222589944d65923439a5292fcbf6ac1f) Importer(815301076,1909f56bfc062723c751e8b465ee728b)
Start importing Assets/Scenes/Scripts/Ejercicio 4/E4dParte2.cs using Guid(222589944d65923439a5292fcbf6ac1f) Importer(815301076,1909f56bfc062723c751e8b465ee728b)  -> (artifact id: 'e39f887c9ed6eb3314e749d4560cb25c') in 0.003846 seconds
  Import took 0.005604 seconds .

========================================================================
Received Prepare
Registering precompiled user dll's ...
Registered in 0.000526 seconds.
Begin MonoManager ReloadAssembly
Native extension for WindowsStandalone target not found
Refreshing native plugins compatible for Editor in 0.19 ms, found 0 plugins.
Preloading 0 native plugins for Editor in 0.00 ms.
Invoked RoslynAnalysisRunner static constructor.
RoslynAnalysisRunner will not be running.
RoslynAnalysisRunner has terminated.
Mono: successfully reloaded assembly
- Completed reload, in  0.624 seconds
Platform modules already initialized, skipping
Refreshing native plugins compatible for Editor in 0.17 ms, found 0 plugins.
Preloading 0 native plugins for Editor in 0.00 ms.
Unloading 1127 Unused Serialized files (Serialized files now loaded: 0)
System memory in use before: 57.6 MB.
System memory in use after: 57.7 MB.

Unloading 5 unused Assets to reduce memory usage. Loaded Objects now: 1715.
Total: 1.415300 ms (FindLiveObjects: 0.138400 ms CreateObjectMapping: 0.030500 ms MarkObjects: 1.212100 ms  DeleteObjects: 0.033400 ms)

========================================================================
Received Prepare
Registering precompiled user dll's ...
Registered in 0.000464 seconds.
Begin MonoManager ReloadAssembly
Native extension for WindowsStandalone target not found
Refreshing native plugins compatible for Editor in 0.21 ms, found 0 plugins.
Preloading 0 native plugins for Editor in 0.00 ms.
Invoked RoslynAnalysisRunner static constructor.
RoslynAnalysisRunner will not be running.
RoslynAnalysisRunner has terminated.
Mono: successfully reloaded assembly
- Completed reload, in  0.661 seconds
Platform modules already initialized, skipping
Refreshing native plugins compatible for Editor in 0.19 ms, found 0 plugins.
Preloading 0 native plugins for Editor in 0.00 ms.
Unloading 1127 Unused Serialized files (Serialized files now loaded: 0)
System memory in use before: 57.6 MB.
System memory in use after: 57.7 MB.

Unloading 5 unused Assets to reduce memory usage. Loaded Objects now: 1718.
Total: 1.530500 ms (FindLiveObjects: 0.155300 ms CreateObjectMapping: 0.037600 ms MarkObjects: 1.297900 ms  DeleteObjects: 0.039200 ms)

========================================================================
Received Import Request.
  Time since last request: 232.523889 seconds.
  path: Assets/Scenes/Scripts/Ejercicio 4/E4dParte2.cs
  artifactKey: Guid(222589944d65923439a5292fcbf6ac1f) Importer(815301076,1909f56bfc062723c751e8b465ee728b)
Start importing Assets/Scenes/Scripts/Ejercicio 4/E4dParte2.cs using Guid(222589944d65923439a5292fcbf6ac1f) Importer(815301076,1909f56bfc062723c751e8b465ee728b)  -> (artifact id: '8b7878558233f5ee19a074ccd118ce97') in 0.024680 seconds
  Import took 0.026371 seconds .

========================================================================
Received Import Request.
  Time since last request: 1.241767 seconds.
  path: Assets/Scenes/Scripts/Ejercicio 4/E4dParte2.cs
  artifactKey: Guid(222589944d65923439a5292fcbf6ac1f) Importer(815301076,1909f56bfc062723c751e8b465ee728b)
Start importing Assets/Scenes/Scripts/Ejercicio 4/E4dParte2.cs using Guid(222589944d65923439a5292fcbf6ac1f) Importer(815301076,1909f56bfc062723c751e8b465ee728b)  -> (artifact id: '8b7878558233f5ee19a074ccd118ce97') in 0.004061 seconds
  Import took 0.005794 seconds .

========================================================================
Received Prepare
Registering precompiled user dll's ...
Registered in 0.000430 seconds.
Begin MonoManager ReloadAssembly
Native extension for WindowsStandalone target not found
Refreshing native plugins compatible for Editor in 0.19 ms, found 0 plugins.
Preloading 0 native plugins for Editor in 0.00 ms.
Invoked RoslynAnalysisRunner static constructor.
RoslynAnalysisRunner will not be running.
RoslynAnalysisRunner has terminated.
Mono: successfully reloaded assembly
- Completed reload, in  0.653 seconds
Platform modules already initialized, skipping
Refreshing native plugins compatible for Editor in 0.19 ms, found 0 plugins.
Preloading 0 native plugins for Editor in 0.00 ms.
Unloading 1127 Unused Serialized files (Serialized files now loaded: 0)
System memory in use before: 57.6 MB.
System memory in use after: 57.7 MB.

Unloading 5 unused Assets to reduce memory usage. Loaded Objects now: 1721.
Total: 1.409100 ms (FindLiveObjects: 0.149400 ms CreateObjectMapping: 0.034500 ms MarkObjects: 1.167300 ms  DeleteObjects: 0.057000 ms)

========================================================================
Received Import Request.
  Time since last request: 59.836265 seconds.
  path: Assets/Scenes/Scripts/Ejercicio 4/E4dParte2.cs
  artifactKey: Guid(222589944d65923439a5292fcbf6ac1f) Importer(815301076,1909f56bfc062723c751e8b465ee728b)
Start importing Assets/Scenes/Scripts/Ejercicio 4/E4dParte2.cs using Guid(222589944d65923439a5292fcbf6ac1f) Importer(815301076,1909f56bfc062723c751e8b465ee728b)  -> (artifact id: '16528a0faea168aa1f448101dda329da') in 0.008259 seconds
  Import took 0.009879 seconds .

========================================================================
Received Import Request.
  Time since last request: 1.071971 seconds.
  path: Assets/Scenes/Scripts/Ejercicio 4/E4dParte2.cs
  artifactKey: Guid(222589944d65923439a5292fcbf6ac1f) Importer(815301076,1909f56bfc062723c751e8b465ee728b)
Start importing Assets/Scenes/Scripts/Ejercicio 4/E4dParte2.cs using Guid(222589944d65923439a5292fcbf6ac1f) Importer(815301076,1909f56bfc062723c751e8b465ee728b)  -> (artifact id: '16528a0faea168aa1f448101dda329da') in 0.004059 seconds
  Import took 0.005694 seconds .

========================================================================
Received Prepare
Registering precompiled user dll's ...
Registered in 0.000522 seconds.
Begin MonoManager ReloadAssembly
Native extension for WindowsStandalone target not found
Refreshing native plugins compatible for Editor in 0.19 ms, found 0 plugins.
Preloading 0 native plugins for Editor in 0.00 ms.
Invoked RoslynAnalysisRunner static constructor.
RoslynAnalysisRunner will not be running.
RoslynAnalysisRunner has terminated.
Mono: successfully reloaded assembly
- Completed reload, in  0.653 seconds
Platform modules already initialized, skipping
Refreshing native plugins compatible for Editor in 0.20 ms, found 0 plugins.
Preloading 0 native plugins for Editor in 0.00 ms.
Unloading 1127 Unused Serialized files (Serialized files now loaded: 0)
System memory in use before: 57.6 MB.
System memory in use after: 57.7 MB.

Unloading 5 unused Assets to reduce memory usage. Loaded Objects now: 1724.
Total: 1.604700 ms (FindLiveObjects: 0.142400 ms CreateObjectMapping: 0.030200 ms MarkObjects: 1.392700 ms  DeleteObjects: 0.038700 ms)

========================================================================
Received Import Request.
  Time since last request: 175.940192 seconds.
  path: Assets/Scenes/Scripts/Ejercicio 4/E4dParte2.cs
  artifactKey: Guid(222589944d65923439a5292fcbf6ac1f) Importer(815301076,1909f56bfc062723c751e8b465ee728b)
Start importing Assets/Scenes/Scripts/Ejercicio 4/E4dParte2.cs using Guid(222589944d65923439a5292fcbf6ac1f) Importer(815301076,1909f56bfc062723c751e8b465ee728b)  -> (artifact id: 'b160fa21117deace789ef6025d747f02') in 0.008817 seconds
  Import took 0.010464 seconds .

========================================================================
Received Import Request.
  Time since last request: 1.062451 seconds.
  path: Assets/Scenes/Scripts/Ejercicio 4/E4dParte2.cs
  artifactKey: Guid(222589944d65923439a5292fcbf6ac1f) Importer(815301076,1909f56bfc062723c751e8b465ee728b)
Start importing Assets/Scenes/Scripts/Ejercicio 4/E4dParte2.cs using Guid(222589944d65923439a5292fcbf6ac1f) Importer(815301076,1909f56bfc062723c751e8b465ee728b)  -> (artifact id: 'b160fa21117deace789ef6025d747f02') in 0.003994 seconds
  Import took 0.005894 seconds .

========================================================================
Received Prepare
Registering precompiled user dll's ...
Registered in 0.000448 seconds.
Begin MonoManager ReloadAssembly
Native extension for WindowsStandalone target not found
Refreshing native plugins compatible for Editor in 0.19 ms, found 0 plugins.
Preloading 0 native plugins for Editor in 0.00 ms.
Invoked RoslynAnalysisRunner static constructor.
RoslynAnalysisRunner will not be running.
RoslynAnalysisRunner has terminated.
Mono: successfully reloaded assembly
- Completed reload, in  0.649 seconds
Platform modules already initialized, skipping
Refreshing native plugins compatible for Editor in 0.18 ms, found 0 plugins.
Preloading 0 native plugins for Editor in 0.00 ms.
Unloading 1127 Unused Serialized files (Serialized files now loaded: 0)
System memory in use before: 57.6 MB.
System memory in use after: 57.7 MB.

Unloading 5 unused Assets to reduce memory usage. Loaded Objects now: 1727.
Total: 1.437900 ms (FindLiveObjects: 0.136900 ms CreateObjectMapping: 0.031200 ms MarkObjects: 1.234400 ms  DeleteObjects: 0.034700 ms)

========================================================================
Received Import Request.
  Time since last request: 28.040109 seconds.
  path: Assets/Scenes/Scripts/Ejercicio 4/E4dParte2.cs
  artifactKey: Guid(222589944d65923439a5292fcbf6ac1f) Importer(815301076,1909f56bfc062723c751e8b465ee728b)
Start importing Assets/Scenes/Scripts/Ejercicio 4/E4dParte2.cs using Guid(222589944d65923439a5292fcbf6ac1f) Importer(815301076,1909f56bfc062723c751e8b465ee728b)  -> (artifact id: 'bdb187356877b50db71d1cc83a6c5ecc') in 0.023010 seconds
  Import took 0.027667 seconds .

========================================================================
Received Prepare
Registering precompiled user dll's ...
Registered in 0.000458 seconds.
Begin MonoManager ReloadAssembly
Native extension for WindowsStandalone target not found
Refreshing native plugins compatible for Editor in 0.19 ms, found 0 plugins.
Preloading 0 native plugins for Editor in 0.00 ms.
Invoked RoslynAnalysisRunner static constructor.
RoslynAnalysisRunner will not be running.
RoslynAnalysisRunner has terminated.
Mono: successfully reloaded assembly
- Completed reload, in  0.631 seconds
Platform modules already initialized, skipping
Refreshing native plugins compatible for Editor in 0.19 ms, found 0 plugins.
Preloading 0 native plugins for Editor in 0.00 ms.
Unloading 1127 Unused Serialized files (Serialized files now loaded: 0)
System memory in use before: 57.6 MB.
System memory in use after: 57.7 MB.

Unloading 5 unused Assets to reduce memory usage. Loaded Objects now: 1730.
Total: 1.565200 ms (FindLiveObjects: 0.125700 ms CreateObjectMapping: 0.027900 ms MarkObjects: 1.375500 ms  DeleteObjects: 0.035500 ms)

========================================================================
Received Prepare
Registering precompiled user dll's ...
Registered in 0.000483 seconds.
Begin MonoManager ReloadAssembly
Native extension for WindowsStandalone target not found
Refreshing native plugins compatible for Editor in 0.19 ms, found 0 plugins.
Preloading 0 native plugins for Editor in 0.00 ms.
Invoked RoslynAnalysisRunner static constructor.
RoslynAnalysisRunner will not be running.
RoslynAnalysisRunner has terminated.
Mono: successfully reloaded assembly
- Completed reload, in  0.648 seconds
Platform modules already initialized, skipping
Refreshing native plugins compatible for Editor in 0.18 ms, found 0 plugins.
Preloading 0 native plugins for Editor in 0.00 ms.
Unloading 1127 Unused Serialized files (Serialized files now loaded: 0)
System memory in use before: 57.7 MB.
System memory in use after: 57.7 MB.

Unloading 5 unused Assets to reduce memory usage. Loaded Objects now: 1733.
Total: 1.514300 ms (FindLiveObjects: 0.146100 ms CreateObjectMapping: 0.032300 ms MarkObjects: 1.297300 ms  DeleteObjects: 0.038000 ms)

========================================================================
Received Import Request.
  Time since last request: 497.071730 seconds.
  path: Assets/Scenes/Scripts/Ejercicio 4/E4dParte2.cs
  artifactKey: Guid(222589944d65923439a5292fcbf6ac1f) Importer(815301076,1909f56bfc062723c751e8b465ee728b)
Start importing Assets/Scenes/Scripts/Ejercicio 4/E4dParte2.cs using Guid(222589944d65923439a5292fcbf6ac1f) Importer(815301076,1909f56bfc062723c751e8b465ee728b)  -> (artifact id: 'd4a76fc27974943590c1e95a61327391') in 0.007785 seconds
  Import took 0.009607 seconds .

========================================================================
Received Import Request.
  Time since last request: 1.128063 seconds.
  path: Assets/Scenes/Scripts/Ejercicio 4/E4dParte2.cs
  artifactKey: Guid(222589944d65923439a5292fcbf6ac1f) Importer(815301076,1909f56bfc062723c751e8b465ee728b)
Start importing Assets/Scenes/Scripts/Ejercicio 4/E4dParte2.cs using Guid(222589944d65923439a5292fcbf6ac1f) Importer(815301076,1909f56bfc062723c751e8b465ee728b)  -> (artifact id: 'd4a76fc27974943590c1e95a61327391') in 0.005885 seconds
  Import took 0.007544 seconds .

========================================================================
Received Prepare
Registering precompiled user dll's ...
Registered in 0.000539 seconds.
Begin MonoManager ReloadAssembly
Native extension for WindowsStandalone target not found
Refreshing native plugins compatible for Editor in 0.19 ms, found 0 plugins.
Preloading 0 native plugins for Editor in 0.00 ms.
Invoked RoslynAnalysisRunner static constructor.
RoslynAnalysisRunner will not be running.
RoslynAnalysisRunner has terminated.
Mono: successfully reloaded assembly
- Completed reload, in  0.628 seconds
Platform modules already initialized, skipping
Refreshing native plugins compatible for Editor in 0.18 ms, found 0 plugins.
Preloading 0 native plugins for Editor in 0.00 ms.
Unloading 1127 Unused Serialized files (Serialized files now loaded: 0)
System memory in use before: 57.7 MB.
System memory in use after: 57.8 MB.

Unloading 5 unused Assets to reduce memory usage. Loaded Objects now: 1736.
Total: 1.415500 ms (FindLiveObjects: 0.142600 ms CreateObjectMapping: 0.034400 ms MarkObjects: 1.203800 ms  DeleteObjects: 0.034000 ms)

========================================================================
Received Prepare
Registering precompiled user dll's ...
Registered in 0.000424 seconds.
Begin MonoManager ReloadAssembly
Native extension for WindowsStandalone target not found
Refreshing native plugins compatible for Editor in 0.20 ms, found 0 plugins.
Preloading 0 native plugins for Editor in 0.00 ms.
Invoked RoslynAnalysisRunner static constructor.
RoslynAnalysisRunner will not be running.
RoslynAnalysisRunner has terminated.
Mono: successfully reloaded assembly
- Completed reload, in  0.645 seconds
Platform modules already initialized, skipping
Refreshing native plugins compatible for Editor in 0.18 ms, found 0 plugins.
Preloading 0 native plugins for Editor in 0.00 ms.
Unloading 1127 Unused Serialized files (Serialized files now loaded: 0)
System memory in use before: 57.7 MB.
System memory in use after: 57.8 MB.

Unloading 5 unused Assets to reduce memory usage. Loaded Objects now: 1739.
Total: 1.484100 ms (FindLiveObjects: 0.147300 ms CreateObjectMapping: 0.031200 ms MarkObjects: 1.270800 ms  DeleteObjects: 0.034100 ms)

========================================================================
Received Import Request.
  Time since last request: 322.923111 seconds.
  path: Assets/Scenes/Scripts/Ejercicio 4/E4c.cs
  artifactKey: Guid(b2990bc7696241c438765cc5f529cf13) Importer(815301076,1909f56bfc062723c751e8b465ee728b)
Start importing Assets/Scenes/Scripts/Ejercicio 4/E4c.cs using Guid(b2990bc7696241c438765cc5f529cf13) Importer(815301076,1909f56bfc062723c751e8b465ee728b)  -> (artifact id: 'fb98a5c6d590f2b75caa5e3d6b47a126') in 0.005287 seconds
  Import took 0.006859 seconds .

========================================================================
Received Prepare
Registering precompiled user dll's ...
Registered in 0.000419 seconds.
Begin MonoManager ReloadAssembly
Native extension for WindowsStandalone target not found
Refreshing native plugins compatible for Editor in 0.18 ms, found 0 plugins.
Preloading 0 native plugins for Editor in 0.00 ms.
Invoked RoslynAnalysisRunner static constructor.
RoslynAnalysisRunner will not be running.
RoslynAnalysisRunner has terminated.
Mono: successfully reloaded assembly
- Completed reload, in  0.647 seconds
Platform modules already initialized, skipping
Refreshing native plugins compatible for Editor in 0.18 ms, found 0 plugins.
Preloading 0 native plugins for Editor in 0.00 ms.
Unloading 1127 Unused Serialized files (Serialized files now loaded: 0)
System memory in use before: 57.7 MB.
System memory in use after: 57.8 MB.

Unloading 5 unused Assets to reduce memory usage. Loaded Objects now: 1742.
Total: 1.523400 ms (FindLiveObjects: 0.148000 ms CreateObjectMapping: 0.038200 ms MarkObjects: 1.296700 ms  DeleteObjects: 0.039600 ms)

========================================================================
Received Prepare
Registering precompiled user dll's ...
Registered in 0.000445 seconds.
Begin MonoManager ReloadAssembly
Native extension for WindowsStandalone target not found
Refreshing native plugins compatible for Editor in 0.19 ms, found 0 plugins.
Preloading 0 native plugins for Editor in 0.00 ms.
Invoked RoslynAnalysisRunner static constructor.
RoslynAnalysisRunner will not be running.
RoslynAnalysisRunner has terminated.
Mono: successfully reloaded assembly
- Completed reload, in  0.658 seconds
Platform modules already initialized, skipping
Refreshing native plugins compatible for Editor in 0.19 ms, found 0 plugins.
Preloading 0 native plugins for Editor in 0.00 ms.
Unloading 1127 Unused Serialized files (Serialized files now loaded: 0)
System memory in use before: 57.7 MB.
System memory in use after: 57.8 MB.

Unloading 5 unused Assets to reduce memory usage. Loaded Objects now: 1745.
Total: 1.769700 ms (FindLiveObjects: 0.215200 ms CreateObjectMapping: 0.056800 ms MarkObjects: 1.421500 ms  DeleteObjects: 0.075200 ms)

========================================================================
Received Prepare
Registering precompiled user dll's ...
Registered in 0.000521 seconds.
Begin MonoManager ReloadAssembly
Native extension for WindowsStandalone target not found
Refreshing native plugins compatible for Editor in 0.19 ms, found 0 plugins.
Preloading 0 native plugins for Editor in 0.00 ms.
Invoked RoslynAnalysisRunner static constructor.
RoslynAnalysisRunner will not be running.
RoslynAnalysisRunner has terminated.
Mono: successfully reloaded assembly
- Completed reload, in  0.633 seconds
Platform modules already initialized, skipping
Refreshing native plugins compatible for Editor in 0.18 ms, found 0 plugins.
Preloading 0 native plugins for Editor in 0.00 ms.
Unloading 1127 Unused Serialized files (Serialized files now loaded: 0)
System memory in use before: 57.7 MB.
System memory in use after: 57.8 MB.

Unloading 5 unused Assets to reduce memory usage. Loaded Objects now: 1748.
Total: 1.822900 ms (FindLiveObjects: 0.139200 ms CreateObjectMapping: 0.035300 ms MarkObjects: 1.608600 ms  DeleteObjects: 0.039100 ms)

========================================================================
Received Prepare
Registering precompiled user dll's ...
Registered in 0.000521 seconds.
Begin MonoManager ReloadAssembly
Native extension for WindowsStandalone target not found
Refreshing native plugins compatible for Editor in 0.19 ms, found 0 plugins.
Preloading 0 native plugins for Editor in 0.00 ms.
Invoked RoslynAnalysisRunner static constructor.
RoslynAnalysisRunner will not be running.
RoslynAnalysisRunner has terminated.
Mono: successfully reloaded assembly
- Completed reload, in  0.645 seconds
Platform modules already initialized, skipping
Refreshing native plugins compatible for Editor in 0.20 ms, found 0 plugins.
Preloading 0 native plugins for Editor in 0.00 ms.
Unloading 1127 Unused Serialized files (Serialized files now loaded: 0)
System memory in use before: 57.7 MB.
System memory in use after: 57.8 MB.

Unloading 5 unused Assets to reduce memory usage. Loaded Objects now: 1751.
Total: 1.600800 ms (FindLiveObjects: 0.136600 ms CreateObjectMapping: 0.031300 ms MarkObjects: 1.390500 ms  DeleteObjects: 0.041500 ms)

========================================================================
Received Prepare
Registering precompiled user dll's ...
Registered in 0.000518 seconds.
Begin MonoManager ReloadAssembly
Native extension for WindowsStandalone target not found
Refreshing native plugins compatible for Editor in 0.19 ms, found 0 plugins.
Preloading 0 native plugins for Editor in 0.00 ms.
Invoked RoslynAnalysisRunner static constructor.
RoslynAnalysisRunner will not be running.
RoslynAnalysisRunner has terminated.
Mono: successfully reloaded assembly
- Completed reload, in  0.634 seconds
Platform modules already initialized, skipping
Refreshing native plugins compatible for Editor in 0.18 ms, found 0 plugins.
Preloading 0 native plugins for Editor in 0.00 ms.
Unloading 1127 Unused Serialized files (Serialized files now loaded: 0)
System memory in use before: 57.7 MB.
System memory in use after: 57.8 MB.

Unloading 5 unused Assets to reduce memory usage. Loaded Objects now: 1754.
Total: 1.593000 ms (FindLiveObjects: 0.165600 ms CreateObjectMapping: 0.041300 ms MarkObjects: 1.345800 ms  DeleteObjects: 0.039500 ms)

